#
# A fatal error has been detected by the Java Runtime Environment:
#
#  EXCEPTION_ACCESS_VIOLATION (0xc0000005) at pc=0x0000000064afcf95, pid=3940, tid=12568
#
# JRE version: OpenJDK Runtime Environment Corretto-17.0.4.9.1 (17.0.4.1+9) (build 17.0.4.1+9-LTS)
# Java VM: OpenJDK 64-Bit Server VM Corretto-17.0.4.9.1 (17.0.4.1+9-LTS, mixed mode, sharing, tiered, compressed oops, compressed class ptrs, g1 gc, windows-amd64)
# Problematic frame:
# C  [imgui-java64.dll+0xfcf95]
#
# No core dump will be written. Minidumps are not enabled by default on client versions of Windows
#
# If you would like to submit a bug report, please visit:
#   https://github.com/corretto/corretto-17/issues/
# The crash happened outside the Java Virtual Machine in native code.
# See problematic frame for where to report the bug.
#

---------------  S U M M A R Y ------------

Command Line: -Dfile.encoding=windows-1251 -Duser.country=RU -Duser.language=ru -Duser.variant Main

Host: Intel(R) Core(TM) i5-10400 CPU @ 2.90GHz, 12 cores, 15G,  Windows 10 , 64 bit Build 19041 (10.0.19041.2364)
Time: Wed Feb  8 15:21:13 2023  Windows 10 , 64 bit Build 19041 (10.0.19041.2364) elapsed time: 0.566282 seconds (0d 0h 0m 0s)

---------------  T H R E A D  ---------------

Current thread (0x0000018aa2b5ddc0):  JavaThread "main" [_thread_in_native, id=12568, stack(0x0000004fa1d00000,0x0000004fa1e00000)]

Stack: [0x0000004fa1d00000,0x0000004fa1e00000],  sp=0x0000004fa1dff3f0,  free space=1020k
Native frames: (J=compiled Java code, j=interpreted, Vv=VM code, C=native code)
C  [imgui-java64.dll+0xfcf95]

Java frames: (J=compiled Java code, j=interpreted, Vv=VM code)
j  imgui.extension.nodeditor.NodeEditor.acceptDuplicate()Z+0
j  editor.node.Gates_NodeEditor.imgui()V+16
j  Main.process()V+7
j  imgui.app.Window.runFrame()V+9
j  imgui.app.Window.run()V+11
j  imgui.app.Application.launch(Limgui/app/Application;)V+9
j  Main.main([Ljava/lang/String;)V+7
v  ~StubRoutines::call_stub

siginfo: EXCEPTION_ACCESS_VIOLATION (0xc0000005), reading address 0x0000000000000641


Register to memory mapping:

RIP=0x0000000064afcf95 imgui-java64.dll
RAX=0x0 is NULL
RBX={method} {0x0000018ac66e21d0} 'acceptDuplicate' '()Z' in 'imgui/extension/nodeditor/NodeEditor'
RCX=0x0000000000000630 is an unknown value
RDX=0x0000004fa1dff498 is pointing into the stack for thread: 0x0000018aa2b5ddc0
RSP=0x0000004fa1dff3f0 is pointing into the stack for thread: 0x0000018aa2b5ddc0
RBP=0x0000004fa1dff488 is pointing into the stack for thread: 0x0000018aa2b5ddc0
RSI=0x0000000000000120 is an unknown value
RDI=0x0000018aaa6794fe is at code_begin+1118 in an Interpreter codelet
return entry points  [0x0000018aaa6790a0, 0x0000018aaa679ba0]  2816 bytes
R8 =0x0000000000000002 is an unknown value
R9 =0x0000000000000002 is an unknown value
R10=0x0000018aaa67d5f2 is at code_begin+946 in an Interpreter codelet
method entry point (kind = native)  [0x0000018aaa67d240, 0x0000018aaa67dbc0]  2432 bytes
R11=0x0000000711eabe38 is an oop: java.lang.Class 
{0x0000000711eabe38} - klass: 'java/lang/Class'
 - ---- fields (total size 16 words):
 - private volatile transient 'classRedefinedCount' 'I' @12  0
 - private volatile transient 'cachedConstructor' 'Ljava/lang/reflect/Constructor;' @40  NULL (0)
 - private transient 'name' 'Ljava/lang/String;' @44  "imgui.extension.nodeditor.NodeEditor"{0x0000000711eabec8} (e23d57d9)
 - private transient 'module' 'Ljava/lang/Module;' @48  a 'java/lang/Module'{0x0000000712a6f848} (e254df09)
 - private final 'classLoader' 'Ljava/lang/ClassLoader;' @52  a 'jdk/internal/loader/ClassLoaders$AppClassLoader'{0x0000000712a6f688} (e254ded1)
 - private transient 'classData' 'Ljava/lang/Object;' @56  NULL (0)
 - private transient 'packageName' 'Ljava/lang/String;' @60  "imgui.extension.nodeditor"{0x0000000712935208} (e2526a41)
 - private final 'componentType' 'Ljava/lang/Class;' @64  NULL (0)
 - private volatile transient 'reflectionData' 'Ljava/lang/ref/SoftReference;' @68  NULL (0)
 - private volatile transient 'genericInfo' 'Lsun/reflect/generics/repository/ClassRepository;' @72  NULL (0)
 - private volatile transient 'enumConstants' '[Ljava/lang/Object;' @76  NULL (0)
 - private volatile transient 'enumConstantDirectory' 'Ljava/util/Map;' @80  NULL (0)
 - private volatile transient 'annotationData' 'Ljava/lang/Class$AnnotationData;' @84  NULL (0)
 - private volatile transient 'annotationType' 'Lsun/reflect/annotation/AnnotationType;' @88  NULL (0)
 - transient 'classValueMap' 'Ljava/lang/ClassValue$ClassValueMap;' @92  NULL (0)
 - signature: Limgui/extension/nodeditor/NodeEditor;
 - fake entry for mirror: 'imgui/extension/nodeditor/NodeEditor'
 - fake entry for array: NULL
 - fake entry for oop_size: 16
 - fake entry for static_oop_field_count: 4
 - private static final 'HINT_FOREGROUND_DRAW_LIST' 'Limgui/ImDrawList;' @112  a 'imgui/ImDrawList'{0x0000000711eabf60} (e23d57ec)
 - private static final 'HINT_BACKGROUND_DRAW_LIST' 'Limgui/ImDrawList;' @116  a 'imgui/ImDrawList'{0x0000000711eabf78} (e23d57ef)
 - private static final 'NODE_BACKGROUND_DRAW_LIST' 'Limgui/ImDrawList;' @120  a 'imgui/ImDrawList'{0x0000000711eabf90} (e23d57f2)
 - private static final 'STYLE' 'Limgui/extension/nodeditor/NodeEditorStyle;' @124  a 'imgui/extension/nodeditor/NodeEditorStyle'{0x0000000711eb0580} (e23d60b0)
R12=0x0 is NULL
R13={method} {0x0000018ac66e21d0} 'acceptDuplicate' '()Z' in 'imgui/extension/nodeditor/NodeEditor'
R14=0x0000004fa1dff4a0 is pointing into the stack for thread: 0x0000018aa2b5ddc0
R15=0x0000018aa2b5ddc0 is a thread


Registers:
RAX=0x0000000000000000, RBX=0x0000018ac66e21c8, RCX=0x0000000000000630, RDX=0x0000004fa1dff498
RSP=0x0000004fa1dff3f0, RBP=0x0000004fa1dff488, RSI=0x0000000000000120, RDI=0x0000018aaa6794fe
R8 =0x0000000000000002, R9 =0x0000000000000002, R10=0x0000018aaa67d5f2, R11=0x0000000711eabe38
R12=0x0000000000000000, R13=0x0000018ac66e21c8, R14=0x0000004fa1dff4a0, R15=0x0000018aa2b5ddc0
RIP=0x0000000064afcf95, EFLAGS=0x0000000000010206

Top of Stack: (sp=0x0000004fa1dff3f0)
0x0000004fa1dff3f0:   0000018ac66e21c8 0000018ac66e21c8
0x0000004fa1dff400:   0000018aaa6794fe 0000018aaa67d33c
0x0000004fa1dff410:   0000018ac66e21c8 0000018aaa67d621
0x0000004fa1dff420:   0000018ac6410000 0000000000000000
0x0000004fa1dff430:   0000000712b510e8 0000018aaa67d2f6
0x0000004fa1dff440:   0000004fa1dff440 0000018ac66e21c8
0x0000004fa1dff450:   0000004fa1dff4a0 0000018ac66e25e8
0x0000004fa1dff460:   0000000000000000 0000000711eabe38
0x0000004fa1dff470:   0000018ac66e21c8 0000000000000000
0x0000004fa1dff480:   0000004fa1dff4a8 0000004fa1dff4f0
0x0000004fa1dff490:   0000018aaa679612 0000000711eabe38
0x0000004fa1dff4a0:   0000018aaa67af60 0000004fa1dff4a8
0x0000004fa1dff4b0:   0000018ac6406de0 0000004fa1dff540
0x0000004fa1dff4c0:   0000018ac6410000 0000000000000000
0x0000004fa1dff4d0:   0000000712b510e8 0000018ac640a2b8
0x0000004fa1dff4e0:   0000004fa1dff4a8 0000004fa1dff540 

Instructions: (pc=0x0000000064afcf95)
0x0000000064afce95:   80 79 11 00 48 89 cb 74 12 83 7b 14 02 0f 94 c0
0x0000000064afcea5:   48 83 c4 20 5b c3 0f 1f 44 00 00 e8 fb 18 09 00
0x0000000064afceb5:   84 c0 75 27 80 7b 11 00 75 df 41 b8 f3 10 00 00
0x0000000064afcec5:   48 8d 15 64 d7 42 00 48 8d 0d 81 da 42 00 ff 15
0x0000000064afced5:   3f 68 d0 00 eb c3 0f 1f 44 00 00 4c 8d 05 49 d7
0x0000000064afcee5:   42 00 ba f3 10 00 00 48 8d 0d 61 da 42 00 e8 d8
0x0000000064afcef5:   17 09 00 83 7b 14 02 0f 94 c0 48 83 c4 20 5b c3
0x0000000064afcf05:   90 66 2e 0f 1f 84 00 00 00 00 00 53 48 83 ec 20
0x0000000064afcf15:   80 79 11 00 48 89 cb 74 12 83 7b 14 03 0f 94 c0
0x0000000064afcf25:   48 83 c4 20 5b c3 0f 1f 44 00 00 e8 7b 18 09 00
0x0000000064afcf35:   84 c0 75 27 80 7b 11 00 75 df 41 b8 f9 10 00 00
0x0000000064afcf45:   48 8d 15 e4 d6 42 00 48 8d 0d 01 da 42 00 ff 15
0x0000000064afcf55:   bf 67 d0 00 eb c3 0f 1f 44 00 00 4c 8d 05 c9 d6
0x0000000064afcf65:   42 00 ba f9 10 00 00 48 8d 0d e1 d9 42 00 e8 58
0x0000000064afcf75:   17 09 00 83 7b 14 03 0f 94 c0 48 83 c4 20 5b c3
0x0000000064afcf85:   90 66 2e 0f 1f 84 00 00 00 00 00 53 48 83 ec 20
0x0000000064afcf95:   80 79 11 00 48 89 cb 74 12 83 7b 14 04 0f 94 c0
0x0000000064afcfa5:   48 83 c4 20 5b c3 0f 1f 44 00 00 e8 fb 17 09 00
0x0000000064afcfb5:   84 c0 75 27 80 7b 11 00 75 df 41 b8 ff 10 00 00
0x0000000064afcfc5:   48 8d 15 64 d6 42 00 48 8d 0d 81 d9 42 00 ff 15
0x0000000064afcfd5:   3f 67 d0 00 eb c3 0f 1f 44 00 00 4c 8d 05 49 d6
0x0000000064afcfe5:   42 00 ba ff 10 00 00 48 8d 0d 61 d9 42 00 e8 d8
0x0000000064afcff5:   16 09 00 83 7b 14 04 0f 94 c0 48 83 c4 20 5b c3
0x0000000064afd005:   90 66 2e 0f 1f 84 00 00 00 00 00 53 48 83 ec 20
0x0000000064afd015:   80 79 11 00 48 89 cb 74 12 83 7b 14 05 0f 94 c0
0x0000000064afd025:   48 83 c4 20 5b c3 0f 1f 44 00 00 e8 7b 17 09 00
0x0000000064afd035:   84 c0 75 27 80 7b 11 00 75 df 41 b8 05 11 00 00
0x0000000064afd045:   48 8d 15 e4 d5 42 00 48 8d 0d 01 d9 42 00 ff 15
0x0000000064afd055:   bf 66 d0 00 eb c3 0f 1f 44 00 00 4c 8d 05 c9 d5
0x0000000064afd065:   42 00 ba 05 11 00 00 48 8d 0d e1 d8 42 00 e8 58
0x0000000064afd075:   16 09 00 83 7b 14 05 0f 94 c0 48 83 c4 20 5b c3
0x0000000064afd085:   90 66 2e 0f 1f 84 00 00 00 00 00 48 8d 05 89 3f 


Stack slot to memory mapping:
stack at sp + 0 slots: {method} {0x0000018ac66e21d0} 'acceptDuplicate' '()Z' in 'imgui/extension/nodeditor/NodeEditor'
stack at sp + 1 slots: {method} {0x0000018ac66e21d0} 'acceptDuplicate' '()Z' in 'imgui/extension/nodeditor/NodeEditor'
stack at sp + 2 slots: 0x0000018aaa6794fe is at code_begin+1118 in an Interpreter codelet
return entry points  [0x0000018aaa6790a0, 0x0000018aaa679ba0]  2816 bytes
stack at sp + 3 slots: 0x0000018aaa67d33c is at code_begin+252 in an Interpreter codelet
method entry point (kind = native)  [0x0000018aaa67d240, 0x0000018aaa67dbc0]  2432 bytes
stack at sp + 4 slots: {method} {0x0000018ac66e21d0} 'acceptDuplicate' '()Z' in 'imgui/extension/nodeditor/NodeEditor'
stack at sp + 5 slots: 0x0000018aaa67d621 is at code_begin+993 in an Interpreter codelet
method entry point (kind = native)  [0x0000018aaa67d240, 0x0000018aaa67dbc0]  2432 bytes
stack at sp + 6 slots: 0x0000018ac6410000 is pointing into metadata
stack at sp + 7 slots: 0x0 is NULL


---------------  P R O C E S S  ---------------

Threads class SMR info:
_java_thread_list=0x0000018accba4a00, length=15, elements={
0x0000018aa2b5ddc0, 0x0000018ac68050b0, 0x0000018ac6805d30, 0x0000018ac5b9e220,
0x0000018ac5b9eae0, 0x0000018ac68184c0, 0x0000018ac6818e70, 0x0000018ac6819c00,
0x0000018ac681a6a0, 0x0000018ac681d0a0, 0x0000018ac695c1a0, 0x0000018ac69692c0,
0x0000018accbd4c50, 0x0000018accbd5120, 0x0000018accc6aae0
}

Java Threads: ( => current thread )
=>0x0000018aa2b5ddc0 JavaThread "main" [_thread_in_native, id=12568, stack(0x0000004fa1d00000,0x0000004fa1e00000)]
  0x0000018ac68050b0 JavaThread "Reference Handler" daemon [_thread_blocked, id=15712, stack(0x0000004fa2400000,0x0000004fa2500000)]
  0x0000018ac6805d30 JavaThread "Finalizer" daemon [_thread_blocked, id=14908, stack(0x0000004fa2500000,0x0000004fa2600000)]
  0x0000018ac5b9e220 JavaThread "Signal Dispatcher" daemon [_thread_blocked, id=2696, stack(0x0000004fa2600000,0x0000004fa2700000)]
  0x0000018ac5b9eae0 JavaThread "Attach Listener" daemon [_thread_blocked, id=2284, stack(0x0000004fa2700000,0x0000004fa2800000)]
  0x0000018ac68184c0 JavaThread "Service Thread" daemon [_thread_blocked, id=7372, stack(0x0000004fa2800000,0x0000004fa2900000)]
  0x0000018ac6818e70 JavaThread "Monitor Deflation Thread" daemon [_thread_blocked, id=2280, stack(0x0000004fa2900000,0x0000004fa2a00000)]
  0x0000018ac6819c00 JavaThread "C2 CompilerThread0" daemon [_thread_blocked, id=14740, stack(0x0000004fa2a00000,0x0000004fa2b00000)]
  0x0000018ac681a6a0 JavaThread "C1 CompilerThread0" daemon [_thread_blocked, id=2776, stack(0x0000004fa2b00000,0x0000004fa2c00000)]
  0x0000018ac681d0a0 JavaThread "Sweeper thread" daemon [_thread_blocked, id=4688, stack(0x0000004fa2c00000,0x0000004fa2d00000)]
  0x0000018ac695c1a0 JavaThread "Notification Thread" daemon [_thread_blocked, id=13800, stack(0x0000004fa2d00000,0x0000004fa2e00000)]
  0x0000018ac69692c0 JavaThread "Common-Cleaner" daemon [_thread_blocked, id=2536, stack(0x0000004fa2f00000,0x0000004fa3000000)]
  0x0000018accbd4c50 JavaThread "Java2D Disposer" daemon [_thread_blocked, id=2364, stack(0x0000004fa3600000,0x0000004fa3700000)]
  0x0000018accbd5120 JavaThread "AWT-Shutdown" [_thread_blocked, id=1200, stack(0x0000004fa3700000,0x0000004fa3800000)]
  0x0000018accc6aae0 JavaThread "AWT-Windows" daemon [_thread_in_native, id=968, stack(0x0000004fa3800000,0x0000004fa3900000)]

Other Threads:
  0x0000018ac5b961e0 VMThread "VM Thread" [stack: 0x0000004fa2300000,0x0000004fa2400000] [id=10276]
  0x0000018aa2be0d00 WatcherThread [stack: 0x0000004fa2e00000,0x0000004fa2f00000] [id=12836]
  0x0000018aa2bc8830 GCTaskThread "GC Thread#0" [stack: 0x0000004fa1e00000,0x0000004fa1f00000] [id=9796]
  0x0000018aa2bda490 ConcurrentGCThread "G1 Main Marker" [stack: 0x0000004fa1f00000,0x0000004fa2000000] [id=13276]
  0x0000018aa2bdaea0 ConcurrentGCThread "G1 Conc#0" [stack: 0x0000004fa2000000,0x0000004fa2100000] [id=12656]
  0x0000018aa2c2cc20 ConcurrentGCThread "G1 Refine#0" [stack: 0x0000004fa2100000,0x0000004fa2200000] [id=2976]
  0x0000018aa2c2d640 ConcurrentGCThread "G1 Service" [stack: 0x0000004fa2200000,0x0000004fa2300000] [id=8704]

Threads with active compile tasks:

VM state: not at safepoint (normal execution)

VM Mutex/Monitor currently owned by a thread: None

Heap address: 0x0000000702e00000, size: 4050 MB, Compressed Oops mode: Zero based, Oop shift amount: 3

CDS archive(s) mapped at: [0x0000000800000000-0x0000000800bc0000-0x0000000800bc0000), size 12320768, SharedBaseAddress: 0x0000000800000000, ArchiveRelocationMode: 0.
Compressed class space mapped at: 0x0000000800c00000-0x0000000840c00000, reserved size: 1073741824
Narrow klass base: 0x0000000800000000, Narrow klass shift: 0, Narrow klass range: 0x100000000

GC Precious Log:
 CPUs: 12 total, 12 available
 Memory: 16196M
 Large Page Support: Disabled
 NUMA Support: Disabled
 Compressed Oops: Enabled (Zero based)
 Heap Region Size: 2M
 Heap Min Capacity: 8M
 Heap Initial Capacity: 254M
 Heap Max Capacity: 4050M
 Pre-touch: Disabled
 Parallel Workers: 10
 Concurrent Workers: 3
 Concurrent Refinement Workers: 10
 Periodic GC: Disabled

Heap:
 garbage-first heap   total 260096K, used 10240K [0x0000000702e00000, 0x0000000800000000)
  region size 2048K, 7 young (14336K), 0 survivors (0K)
 Metaspace       used 7477K, committed 7744K, reserved 1056768K
  class space    used 591K, committed 704K, reserved 1048576K

Heap Regions: E=young(eden), S=young(survivor), O=old, HS=humongous(starts), HC=humongous(continues), CS=collection set, F=free, OA=open archive, CA=closed archive, TAMS=top-at-mark-start (previous, next)
|   0|0x0000000702e00000, 0x0000000702e00000, 0x0000000703000000|  0%| F|  |TAMS 0x0000000702e00000, 0x0000000702e00000| Untracked 
|   1|0x0000000703000000, 0x0000000703000000, 0x0000000703200000|  0%| F|  |TAMS 0x0000000703000000, 0x0000000703000000| Untracked 
|   2|0x0000000703200000, 0x0000000703200000, 0x0000000703400000|  0%| F|  |TAMS 0x0000000703200000, 0x0000000703200000| Untracked 
|   3|0x0000000703400000, 0x0000000703400000, 0x0000000703600000|  0%| F|  |TAMS 0x0000000703400000, 0x0000000703400000| Untracked 
|   4|0x0000000703600000, 0x0000000703600000, 0x0000000703800000|  0%| F|  |TAMS 0x0000000703600000, 0x0000000703600000| Untracked 
|   5|0x0000000703800000, 0x0000000703800000, 0x0000000703a00000|  0%| F|  |TAMS 0x0000000703800000, 0x0000000703800000| Untracked 
|   6|0x0000000703a00000, 0x0000000703a00000, 0x0000000703c00000|  0%| F|  |TAMS 0x0000000703a00000, 0x0000000703a00000| Untracked 
|   7|0x0000000703c00000, 0x0000000703c00000, 0x0000000703e00000|  0%| F|  |TAMS 0x0000000703c00000, 0x0000000703c00000| Untracked 
|   8|0x0000000703e00000, 0x0000000703e00000, 0x0000000704000000|  0%| F|  |TAMS 0x0000000703e00000, 0x0000000703e00000| Untracked 
|   9|0x0000000704000000, 0x0000000704000000, 0x0000000704200000|  0%| F|  |TAMS 0x0000000704000000, 0x0000000704000000| Untracked 
|  10|0x0000000704200000, 0x0000000704200000, 0x0000000704400000|  0%| F|  |TAMS 0x0000000704200000, 0x0000000704200000| Untracked 
|  11|0x0000000704400000, 0x0000000704400000, 0x0000000704600000|  0%| F|  |TAMS 0x0000000704400000, 0x0000000704400000| Untracked 
|  12|0x0000000704600000, 0x0000000704600000, 0x0000000704800000|  0%| F|  |TAMS 0x0000000704600000, 0x0000000704600000| Untracked 
|  13|0x0000000704800000, 0x0000000704800000, 0x0000000704a00000|  0%| F|  |TAMS 0x0000000704800000, 0x0000000704800000| Untracked 
|  14|0x0000000704a00000, 0x0000000704a00000, 0x0000000704c00000|  0%| F|  |TAMS 0x0000000704a00000, 0x0000000704a00000| Untracked 
|  15|0x0000000704c00000, 0x0000000704c00000, 0x0000000704e00000|  0%| F|  |TAMS 0x0000000704c00000, 0x0000000704c00000| Untracked 
|  16|0x0000000704e00000, 0x0000000704e00000, 0x0000000705000000|  0%| F|  |TAMS 0x0000000704e00000, 0x0000000704e00000| Untracked 
|  17|0x0000000705000000, 0x0000000705000000, 0x0000000705200000|  0%| F|  |TAMS 0x0000000705000000, 0x0000000705000000| Untracked 
|  18|0x0000000705200000, 0x0000000705200000, 0x0000000705400000|  0%| F|  |TAMS 0x0000000705200000, 0x0000000705200000| Untracked 
|  19|0x0000000705400000, 0x0000000705400000, 0x0000000705600000|  0%| F|  |TAMS 0x0000000705400000, 0x0000000705400000| Untracked 
|  20|0x0000000705600000, 0x0000000705600000, 0x0000000705800000|  0%| F|  |TAMS 0x0000000705600000, 0x0000000705600000| Untracked 
|  21|0x0000000705800000, 0x0000000705800000, 0x0000000705a00000|  0%| F|  |TAMS 0x0000000705800000, 0x0000000705800000| Untracked 
|  22|0x0000000705a00000, 0x0000000705a00000, 0x0000000705c00000|  0%| F|  |TAMS 0x0000000705a00000, 0x0000000705a00000| Untracked 
|  23|0x0000000705c00000, 0x0000000705c00000, 0x0000000705e00000|  0%| F|  |TAMS 0x0000000705c00000, 0x0000000705c00000| Untracked 
|  24|0x0000000705e00000, 0x0000000705e00000, 0x0000000706000000|  0%| F|  |TAMS 0x0000000705e00000, 0x0000000705e00000| Untracked 
|  25|0x0000000706000000, 0x0000000706000000, 0x0000000706200000|  0%| F|  |TAMS 0x0000000706000000, 0x0000000706000000| Untracked 
|  26|0x0000000706200000, 0x0000000706200000, 0x0000000706400000|  0%| F|  |TAMS 0x0000000706200000, 0x0000000706200000| Untracked 
|  27|0x0000000706400000, 0x0000000706400000, 0x0000000706600000|  0%| F|  |TAMS 0x0000000706400000, 0x0000000706400000| Untracked 
|  28|0x0000000706600000, 0x0000000706600000, 0x0000000706800000|  0%| F|  |TAMS 0x0000000706600000, 0x0000000706600000| Untracked 
|  29|0x0000000706800000, 0x0000000706800000, 0x0000000706a00000|  0%| F|  |TAMS 0x0000000706800000, 0x0000000706800000| Untracked 
|  30|0x0000000706a00000, 0x0000000706a00000, 0x0000000706c00000|  0%| F|  |TAMS 0x0000000706a00000, 0x0000000706a00000| Untracked 
|  31|0x0000000706c00000, 0x0000000706c00000, 0x0000000706e00000|  0%| F|  |TAMS 0x0000000706c00000, 0x0000000706c00000| Untracked 
|  32|0x0000000706e00000, 0x0000000706e00000, 0x0000000707000000|  0%| F|  |TAMS 0x0000000706e00000, 0x0000000706e00000| Untracked 
|  33|0x0000000707000000, 0x0000000707000000, 0x0000000707200000|  0%| F|  |TAMS 0x0000000707000000, 0x0000000707000000| Untracked 
|  34|0x0000000707200000, 0x0000000707200000, 0x0000000707400000|  0%| F|  |TAMS 0x0000000707200000, 0x0000000707200000| Untracked 
|  35|0x0000000707400000, 0x0000000707400000, 0x0000000707600000|  0%| F|  |TAMS 0x0000000707400000, 0x0000000707400000| Untracked 
|  36|0x0000000707600000, 0x0000000707600000, 0x0000000707800000|  0%| F|  |TAMS 0x0000000707600000, 0x0000000707600000| Untracked 
|  37|0x0000000707800000, 0x0000000707800000, 0x0000000707a00000|  0%| F|  |TAMS 0x0000000707800000, 0x0000000707800000| Untracked 
|  38|0x0000000707a00000, 0x0000000707a00000, 0x0000000707c00000|  0%| F|  |TAMS 0x0000000707a00000, 0x0000000707a00000| Untracked 
|  39|0x0000000707c00000, 0x0000000707c00000, 0x0000000707e00000|  0%| F|  |TAMS 0x0000000707c00000, 0x0000000707c00000| Untracked 
|  40|0x0000000707e00000, 0x0000000707e00000, 0x0000000708000000|  0%| F|  |TAMS 0x0000000707e00000, 0x0000000707e00000| Untracked 
|  41|0x0000000708000000, 0x0000000708000000, 0x0000000708200000|  0%| F|  |TAMS 0x0000000708000000, 0x0000000708000000| Untracked 
|  42|0x0000000708200000, 0x0000000708200000, 0x0000000708400000|  0%| F|  |TAMS 0x0000000708200000, 0x0000000708200000| Untracked 
|  43|0x0000000708400000, 0x0000000708400000, 0x0000000708600000|  0%| F|  |TAMS 0x0000000708400000, 0x0000000708400000| Untracked 
|  44|0x0000000708600000, 0x0000000708600000, 0x0000000708800000|  0%| F|  |TAMS 0x0000000708600000, 0x0000000708600000| Untracked 
|  45|0x0000000708800000, 0x0000000708800000, 0x0000000708a00000|  0%| F|  |TAMS 0x0000000708800000, 0x0000000708800000| Untracked 
|  46|0x0000000708a00000, 0x0000000708a00000, 0x0000000708c00000|  0%| F|  |TAMS 0x0000000708a00000, 0x0000000708a00000| Untracked 
|  47|0x0000000708c00000, 0x0000000708c00000, 0x0000000708e00000|  0%| F|  |TAMS 0x0000000708c00000, 0x0000000708c00000| Untracked 
|  48|0x0000000708e00000, 0x0000000708e00000, 0x0000000709000000|  0%| F|  |TAMS 0x0000000708e00000, 0x0000000708e00000| Untracked 
|  49|0x0000000709000000, 0x0000000709000000, 0x0000000709200000|  0%| F|  |TAMS 0x0000000709000000, 0x0000000709000000| Untracked 
|  50|0x0000000709200000, 0x0000000709200000, 0x0000000709400000|  0%| F|  |TAMS 0x0000000709200000, 0x0000000709200000| Untracked 
|  51|0x0000000709400000, 0x0000000709400000, 0x0000000709600000|  0%| F|  |TAMS 0x0000000709400000, 0x0000000709400000| Untracked 
|  52|0x0000000709600000, 0x0000000709600000, 0x0000000709800000|  0%| F|  |TAMS 0x0000000709600000, 0x0000000709600000| Untracked 
|  53|0x0000000709800000, 0x0000000709800000, 0x0000000709a00000|  0%| F|  |TAMS 0x0000000709800000, 0x0000000709800000| Untracked 
|  54|0x0000000709a00000, 0x0000000709a00000, 0x0000000709c00000|  0%| F|  |TAMS 0x0000000709a00000, 0x0000000709a00000| Untracked 
|  55|0x0000000709c00000, 0x0000000709c00000, 0x0000000709e00000|  0%| F|  |TAMS 0x0000000709c00000, 0x0000000709c00000| Untracked 
|  56|0x0000000709e00000, 0x0000000709e00000, 0x000000070a000000|  0%| F|  |TAMS 0x0000000709e00000, 0x0000000709e00000| Untracked 
|  57|0x000000070a000000, 0x000000070a000000, 0x000000070a200000|  0%| F|  |TAMS 0x000000070a000000, 0x000000070a000000| Untracked 
|  58|0x000000070a200000, 0x000000070a200000, 0x000000070a400000|  0%| F|  |TAMS 0x000000070a200000, 0x000000070a200000| Untracked 
|  59|0x000000070a400000, 0x000000070a400000, 0x000000070a600000|  0%| F|  |TAMS 0x000000070a400000, 0x000000070a400000| Untracked 
|  60|0x000000070a600000, 0x000000070a600000, 0x000000070a800000|  0%| F|  |TAMS 0x000000070a600000, 0x000000070a600000| Untracked 
|  61|0x000000070a800000, 0x000000070a800000, 0x000000070aa00000|  0%| F|  |TAMS 0x000000070a800000, 0x000000070a800000| Untracked 
|  62|0x000000070aa00000, 0x000000070aa00000, 0x000000070ac00000|  0%| F|  |TAMS 0x000000070aa00000, 0x000000070aa00000| Untracked 
|  63|0x000000070ac00000, 0x000000070ac00000, 0x000000070ae00000|  0%| F|  |TAMS 0x000000070ac00000, 0x000000070ac00000| Untracked 
|  64|0x000000070ae00000, 0x000000070ae00000, 0x000000070b000000|  0%| F|  |TAMS 0x000000070ae00000, 0x000000070ae00000| Untracked 
|  65|0x000000070b000000, 0x000000070b000000, 0x000000070b200000|  0%| F|  |TAMS 0x000000070b000000, 0x000000070b000000| Untracked 
|  66|0x000000070b200000, 0x000000070b200000, 0x000000070b400000|  0%| F|  |TAMS 0x000000070b200000, 0x000000070b200000| Untracked 
|  67|0x000000070b400000, 0x000000070b400000, 0x000000070b600000|  0%| F|  |TAMS 0x000000070b400000, 0x000000070b400000| Untracked 
|  68|0x000000070b600000, 0x000000070b600000, 0x000000070b800000|  0%| F|  |TAMS 0x000000070b600000, 0x000000070b600000| Untracked 
|  69|0x000000070b800000, 0x000000070b800000, 0x000000070ba00000|  0%| F|  |TAMS 0x000000070b800000, 0x000000070b800000| Untracked 
|  70|0x000000070ba00000, 0x000000070ba00000, 0x000000070bc00000|  0%| F|  |TAMS 0x000000070ba00000, 0x000000070ba00000| Untracked 
|  71|0x000000070bc00000, 0x000000070bc00000, 0x000000070be00000|  0%| F|  |TAMS 0x000000070bc00000, 0x000000070bc00000| Untracked 
|  72|0x000000070be00000, 0x000000070be00000, 0x000000070c000000|  0%| F|  |TAMS 0x000000070be00000, 0x000000070be00000| Untracked 
|  73|0x000000070c000000, 0x000000070c000000, 0x000000070c200000|  0%| F|  |TAMS 0x000000070c000000, 0x000000070c000000| Untracked 
|  74|0x000000070c200000, 0x000000070c200000, 0x000000070c400000|  0%| F|  |TAMS 0x000000070c200000, 0x000000070c200000| Untracked 
|  75|0x000000070c400000, 0x000000070c400000, 0x000000070c600000|  0%| F|  |TAMS 0x000000070c400000, 0x000000070c400000| Untracked 
|  76|0x000000070c600000, 0x000000070c600000, 0x000000070c800000|  0%| F|  |TAMS 0x000000070c600000, 0x000000070c600000| Untracked 
|  77|0x000000070c800000, 0x000000070c800000, 0x000000070ca00000|  0%| F|  |TAMS 0x000000070c800000, 0x000000070c800000| Untracked 
|  78|0x000000070ca00000, 0x000000070ca00000, 0x000000070cc00000|  0%| F|  |TAMS 0x000000070ca00000, 0x000000070ca00000| Untracked 
|  79|0x000000070cc00000, 0x000000070cc00000, 0x000000070ce00000|  0%| F|  |TAMS 0x000000070cc00000, 0x000000070cc00000| Untracked 
|  80|0x000000070ce00000, 0x000000070ce00000, 0x000000070d000000|  0%| F|  |TAMS 0x000000070ce00000, 0x000000070ce00000| Untracked 
|  81|0x000000070d000000, 0x000000070d000000, 0x000000070d200000|  0%| F|  |TAMS 0x000000070d000000, 0x000000070d000000| Untracked 
|  82|0x000000070d200000, 0x000000070d200000, 0x000000070d400000|  0%| F|  |TAMS 0x000000070d200000, 0x000000070d200000| Untracked 
|  83|0x000000070d400000, 0x000000070d400000, 0x000000070d600000|  0%| F|  |TAMS 0x000000070d400000, 0x000000070d400000| Untracked 
|  84|0x000000070d600000, 0x000000070d600000, 0x000000070d800000|  0%| F|  |TAMS 0x000000070d600000, 0x000000070d600000| Untracked 
|  85|0x000000070d800000, 0x000000070d800000, 0x000000070da00000|  0%| F|  |TAMS 0x000000070d800000, 0x000000070d800000| Untracked 
|  86|0x000000070da00000, 0x000000070da00000, 0x000000070dc00000|  0%| F|  |TAMS 0x000000070da00000, 0x000000070da00000| Untracked 
|  87|0x000000070dc00000, 0x000000070dc00000, 0x000000070de00000|  0%| F|  |TAMS 0x000000070dc00000, 0x000000070dc00000| Untracked 
|  88|0x000000070de00000, 0x000000070de00000, 0x000000070e000000|  0%| F|  |TAMS 0x000000070de00000, 0x000000070de00000| Untracked 
|  89|0x000000070e000000, 0x000000070e000000, 0x000000070e200000|  0%| F|  |TAMS 0x000000070e000000, 0x000000070e000000| Untracked 
|  90|0x000000070e200000, 0x000000070e200000, 0x000000070e400000|  0%| F|  |TAMS 0x000000070e200000, 0x000000070e200000| Untracked 
|  91|0x000000070e400000, 0x000000070e400000, 0x000000070e600000|  0%| F|  |TAMS 0x000000070e400000, 0x000000070e400000| Untracked 
|  92|0x000000070e600000, 0x000000070e600000, 0x000000070e800000|  0%| F|  |TAMS 0x000000070e600000, 0x000000070e600000| Untracked 
|  93|0x000000070e800000, 0x000000070e800000, 0x000000070ea00000|  0%| F|  |TAMS 0x000000070e800000, 0x000000070e800000| Untracked 
|  94|0x000000070ea00000, 0x000000070ea00000, 0x000000070ec00000|  0%| F|  |TAMS 0x000000070ea00000, 0x000000070ea00000| Untracked 
|  95|0x000000070ec00000, 0x000000070ec00000, 0x000000070ee00000|  0%| F|  |TAMS 0x000000070ec00000, 0x000000070ec00000| Untracked 
|  96|0x000000070ee00000, 0x000000070ee00000, 0x000000070f000000|  0%| F|  |TAMS 0x000000070ee00000, 0x000000070ee00000| Untracked 
|  97|0x000000070f000000, 0x000000070f000000, 0x000000070f200000|  0%| F|  |TAMS 0x000000070f000000, 0x000000070f000000| Untracked 
|  98|0x000000070f200000, 0x000000070f200000, 0x000000070f400000|  0%| F|  |TAMS 0x000000070f200000, 0x000000070f200000| Untracked 
|  99|0x000000070f400000, 0x000000070f400000, 0x000000070f600000|  0%| F|  |TAMS 0x000000070f400000, 0x000000070f400000| Untracked 
| 100|0x000000070f600000, 0x000000070f600000, 0x000000070f800000|  0%| F|  |TAMS 0x000000070f600000, 0x000000070f600000| Untracked 
| 101|0x000000070f800000, 0x000000070f800000, 0x000000070fa00000|  0%| F|  |TAMS 0x000000070f800000, 0x000000070f800000| Untracked 
| 102|0x000000070fa00000, 0x000000070fa00000, 0x000000070fc00000|  0%| F|  |TAMS 0x000000070fa00000, 0x000000070fa00000| Untracked 
| 103|0x000000070fc00000, 0x000000070fc00000, 0x000000070fe00000|  0%| F|  |TAMS 0x000000070fc00000, 0x000000070fc00000| Untracked 
| 104|0x000000070fe00000, 0x000000070fe00000, 0x0000000710000000|  0%| F|  |TAMS 0x000000070fe00000, 0x000000070fe00000| Untracked 
| 105|0x0000000710000000, 0x0000000710000000, 0x0000000710200000|  0%| F|  |TAMS 0x0000000710000000, 0x0000000710000000| Untracked 
| 106|0x0000000710200000, 0x0000000710200000, 0x0000000710400000|  0%| F|  |TAMS 0x0000000710200000, 0x0000000710200000| Untracked 
| 107|0x0000000710400000, 0x0000000710400000, 0x0000000710600000|  0%| F|  |TAMS 0x0000000710400000, 0x0000000710400000| Untracked 
| 108|0x0000000710600000, 0x0000000710600000, 0x0000000710800000|  0%| F|  |TAMS 0x0000000710600000, 0x0000000710600000| Untracked 
| 109|0x0000000710800000, 0x0000000710800000, 0x0000000710a00000|  0%| F|  |TAMS 0x0000000710800000, 0x0000000710800000| Untracked 
| 110|0x0000000710a00000, 0x0000000710a00000, 0x0000000710c00000|  0%| F|  |TAMS 0x0000000710a00000, 0x0000000710a00000| Untracked 
| 111|0x0000000710c00000, 0x0000000710c00000, 0x0000000710e00000|  0%| F|  |TAMS 0x0000000710c00000, 0x0000000710c00000| Untracked 
| 112|0x0000000710e00000, 0x0000000710e00000, 0x0000000711000000|  0%| F|  |TAMS 0x0000000710e00000, 0x0000000710e00000| Untracked 
| 113|0x0000000711000000, 0x0000000711000000, 0x0000000711200000|  0%| F|  |TAMS 0x0000000711000000, 0x0000000711000000| Untracked 
| 114|0x0000000711200000, 0x0000000711200000, 0x0000000711400000|  0%| F|  |TAMS 0x0000000711200000, 0x0000000711200000| Untracked 
| 115|0x0000000711400000, 0x0000000711400000, 0x0000000711600000|  0%| F|  |TAMS 0x0000000711400000, 0x0000000711400000| Untracked 
| 116|0x0000000711600000, 0x0000000711600000, 0x0000000711800000|  0%| F|  |TAMS 0x0000000711600000, 0x0000000711600000| Untracked 
| 117|0x0000000711800000, 0x0000000711800000, 0x0000000711a00000|  0%| F|  |TAMS 0x0000000711800000, 0x0000000711800000| Untracked 
| 118|0x0000000711a00000, 0x0000000711a00000, 0x0000000711c00000|  0%| F|  |TAMS 0x0000000711a00000, 0x0000000711a00000| Untracked 
| 119|0x0000000711c00000, 0x0000000711c00000, 0x0000000711e00000|  0%| F|  |TAMS 0x0000000711c00000, 0x0000000711c00000| Untracked 
| 120|0x0000000711e00000, 0x0000000711ee51b0, 0x0000000712000000| 44%| E|  |TAMS 0x0000000711e00000, 0x0000000711e00000| Complete 
| 121|0x0000000712000000, 0x0000000712200000, 0x0000000712200000|100%| E|CS|TAMS 0x0000000712000000, 0x0000000712000000| Complete 
| 122|0x0000000712200000, 0x0000000712400000, 0x0000000712400000|100%| E|CS|TAMS 0x0000000712200000, 0x0000000712200000| Complete 
| 123|0x0000000712400000, 0x0000000712600000, 0x0000000712600000|100%| E|  |TAMS 0x0000000712400000, 0x0000000712400000| Complete 
| 124|0x0000000712600000, 0x0000000712800000, 0x0000000712800000|100%| E|CS|TAMS 0x0000000712600000, 0x0000000712600000| Complete 
| 125|0x0000000712800000, 0x0000000712a00000, 0x0000000712a00000|100%| E|CS|TAMS 0x0000000712800000, 0x0000000712800000| Complete 
| 126|0x0000000712a00000, 0x0000000712c00000, 0x0000000712c00000|100%| E|CS|TAMS 0x0000000712a00000, 0x0000000712a00000| Complete 

Card table byte_map: [0x0000018aba3b0000,0x0000018ababa0000] _byte_map_base: 0x0000018ab6b99000

Marking Bits (Prev, Next): (CMBitMap*) 0x0000018aa2bc9e50, (CMBitMap*) 0x0000018aa2bc9e90
 Prev Bits: [0x0000018abb390000, 0x0000018abf2d8000)
 Next Bits: [0x0000018abf2e0000, 0x0000018ac3228000)

Polling page: 0x0000018aa0b10000

Metaspace:

Usage:
  Non-class:      6.73 MB used.
      Class:    591.06 KB used.
       Both:      7.30 MB used.

Virtual space:
  Non-class space:        8.00 MB reserved,       6.88 MB ( 86%) committed,  1 nodes.
      Class space:        1.00 GB reserved,     704.00 KB ( <1%) committed,  1 nodes.
             Both:        1.01 GB reserved,       7.56 MB ( <1%) committed. 

Chunk freelists:
   Non-Class:  1.09 MB
       Class:  3.22 MB
        Both:  4.31 MB

MaxMetaspaceSize: unlimited
CompressedClassSpaceSize: 1.00 GB
Initial GC threshold: 21.00 MB
Current GC threshold: 21.00 MB
CDS: on
MetaspaceReclaimPolicy: balanced
 - commit_granule_bytes: 65536.
 - commit_granule_words: 8192.
 - virtual_space_node_default_size: 1048576.
 - enlarge_chunks_in_place: 1.
 - new_chunks_are_fully_committed: 0.
 - uncommit_free_chunks: 1.
 - use_allocation_guard: 0.
 - handle_deallocations: 1.


Internal statistics:

num_allocs_failed_limit: 0.
num_arena_births: 152.
num_arena_deaths: 0.
num_vsnodes_births: 2.
num_vsnodes_deaths: 0.
num_space_committed: 119.
num_space_uncommitted: 0.
num_chunks_returned_to_freelist: 0.
num_chunks_taken_from_freelist: 299.
num_chunk_merges: 0.
num_chunk_splits: 193.
num_chunks_enlarged: 125.
num_purges: 0.
num_inconsistent_stats: 0.

CodeHeap 'non-profiled nmethods': size=120000Kb used=268Kb max_used=268Kb free=119731Kb
 bounds [0x0000018ab2140000, 0x0000018ab23b0000, 0x0000018ab9670000]
CodeHeap 'profiled nmethods': size=120000Kb used=1491Kb max_used=1491Kb free=118508Kb
 bounds [0x0000018aaac10000, 0x0000018aaae80000, 0x0000018ab2140000]
CodeHeap 'non-nmethods': size=5760Kb used=1732Kb max_used=1732Kb free=4027Kb
 bounds [0x0000018aaa670000, 0x0000018aaa8e0000, 0x0000018aaac10000]
 total_blobs=2134 nmethods=927 adapters=1120
 compilation: enabled
              stopped_count=0, restarted_count=0
 full_count=0

Compilation events (20 events):
Event: 0.509 Thread 0x0000018ac681a6a0  917   !   3       jdk.internal.loader.URLClassPath$JarLoader::getResource (65 bytes)
Event: 0.510 Thread 0x0000018ac681a6a0 nmethod 917 0x0000018aaad7cb90 code [0x0000018aaad7cde0, 0x0000018aaad7d868]
Event: 0.510 Thread 0x0000018ac681a6a0  918       3       java.io.FilterInputStream::<init> (10 bytes)
Event: 0.510 Thread 0x0000018ac681a6a0 nmethod 918 0x0000018aaad7dc10 code [0x0000018aaad7ddc0, 0x0000018aaad7dff8]
Event: 0.510 Thread 0x0000018ac681a6a0  919   !   3       java.util.jar.JarFile::checkForSpecialAttributes (163 bytes)
Event: 0.511 Thread 0x0000018ac681a6a0 nmethod 919 0x0000018aaad7e110 code [0x0000018aaad7e420, 0x0000018aaad7f6b8]
Event: 0.512 Thread 0x0000018ac681a6a0  920       3       java.lang.ref.Reference::clear (5 bytes)
Event: 0.512 Thread 0x0000018ac681a6a0 nmethod 920 0x0000018aaad7fe10 code [0x0000018aaad7ffa0, 0x0000018aaad800e8]
Event: 0.512 Thread 0x0000018ac681a6a0  922       3       java.security.CodeSource::getCertificates (98 bytes)
Event: 0.512 Thread 0x0000018ac681a6a0 nmethod 922 0x0000018aaad80190 code [0x0000018aaad80400, 0x0000018aaad80fd8]
Event: 0.512 Thread 0x0000018ac681a6a0  923       3       sun.invoke.util.VerifyAccess::isMemberAccessible (338 bytes)
Event: 0.513 Thread 0x0000018ac681a6a0 nmethod 923 0x0000018aaad81290 code [0x0000018aaad81620, 0x0000018aaad829c8]
Event: 0.513 Thread 0x0000018ac681a6a0  924       3       java.util.concurrent.ConcurrentHashMap::isEmpty (15 bytes)
Event: 0.513 Thread 0x0000018ac681a6a0 nmethod 924 0x0000018aaad82f10 code [0x0000018aaad830c0, 0x0000018aaad83268]
Event: 0.523 Thread 0x0000018ac681a6a0  926       3       jdk.internal.loader.NativeLibraries::find (72 bytes)
Event: 0.523 Thread 0x0000018ac681a6a0 nmethod 926 0x0000018aaad83310 code [0x0000018aaad83540, 0x0000018aaad83dd8]
Event: 0.523 Thread 0x0000018ac681a6a0  925       3       java.lang.ClassLoader::findNative (21 bytes)
Event: 0.523 Thread 0x0000018ac681a6a0 nmethod 925 0x0000018aaad84090 code [0x0000018aaad84260, 0x0000018aaad84478]
Event: 0.532 Thread 0x0000018ac681a6a0  927   !   3       jdk.internal.ref.PhantomCleanable::remove (60 bytes)
Event: 0.532 Thread 0x0000018ac681a6a0 nmethod 927 0x0000018aaad84590 code [0x0000018aaad84740, 0x0000018aaad84b78]

GC Heap History (0 events):
No events

Deoptimization events (20 events):
Event: 0.195 Thread 0x0000018aa2b5ddc0 Uncommon trap: trap_request=0xffffff45 fr.pc=0x0000018ab21545e4 relative=0x00000000000002c4
Event: 0.195 Thread 0x0000018aa2b5ddc0 Uncommon trap: reason=unstable_if action=reinterpret pc=0x0000018ab21545e4 method=java.lang.String.startsWith(Ljava/lang/String;I)Z @ 14 c2
Event: 0.195 Thread 0x0000018aa2b5ddc0 DEOPT PACKING pc=0x0000018ab21545e4 sp=0x0000004fa1dfb4f0
Event: 0.195 Thread 0x0000018aa2b5ddc0 DEOPT UNPACKING pc=0x0000018aaa6c23a3 sp=0x0000004fa1dfb450 mode 2
Event: 0.307 Thread 0x0000018aa2b5ddc0 Uncommon trap: trap_request=0xffffff54 fr.pc=0x0000018ab216a1e0 relative=0x0000000000000060
Event: 0.307 Thread 0x0000018aa2b5ddc0 Uncommon trap: reason=speculate_null_assert action=make_not_entrant pc=0x0000018ab216a1e0 method=sun.misc.Unsafe.putLong(Ljava/lang/Object;JJ)V @ 7 c2
Event: 0.307 Thread 0x0000018aa2b5ddc0 DEOPT PACKING pc=0x0000018ab216a1e0 sp=0x0000004fa1dff160
Event: 0.307 Thread 0x0000018aa2b5ddc0 DEOPT UNPACKING pc=0x0000018aaa6c23a3 sp=0x0000004fa1dff0d8 mode 2
Event: 0.421 Thread 0x0000018aa2b5ddc0 Uncommon trap: trap_request=0xffffff45 fr.pc=0x0000018ab216f228 relative=0x0000000000000568
Event: 0.421 Thread 0x0000018aa2b5ddc0 Uncommon trap: reason=unstable_if action=reinterpret pc=0x0000018ab216f228 method=java.lang.AbstractStringBuilder.putStringAt(ILjava/lang/String;II)V @ 8 c2
Event: 0.421 Thread 0x0000018aa2b5ddc0 DEOPT PACKING pc=0x0000018ab216f228 sp=0x0000004fa1dfd210
Event: 0.421 Thread 0x0000018aa2b5ddc0 DEOPT UNPACKING pc=0x0000018aaa6c23a3 sp=0x0000004fa1dfd098 mode 2
Event: 0.421 Thread 0x0000018aa2b5ddc0 Uncommon trap: trap_request=0xffffff45 fr.pc=0x0000018ab2147b5c relative=0x000000000000005c
Event: 0.421 Thread 0x0000018aa2b5ddc0 Uncommon trap: reason=unstable_if action=reinterpret pc=0x0000018ab2147b5c method=java.lang.AbstractStringBuilder.isLatin1()Z @ 10 c2
Event: 0.421 Thread 0x0000018aa2b5ddc0 DEOPT PACKING pc=0x0000018ab2147b5c sp=0x0000004fa1dfd000
Event: 0.421 Thread 0x0000018aa2b5ddc0 DEOPT UNPACKING pc=0x0000018aaa6c23a3 sp=0x0000004fa1dfcf90 mode 2
Event: 0.421 Thread 0x0000018aa2b5ddc0 Uncommon trap: trap_request=0xffffff45 fr.pc=0x0000018ab216fa14 relative=0x0000000000000114
Event: 0.421 Thread 0x0000018aa2b5ddc0 Uncommon trap: reason=unstable_if action=reinterpret pc=0x0000018ab216fa14 method=java.lang.String.getBytes([BIIBI)V @ 6 c2
Event: 0.421 Thread 0x0000018aa2b5ddc0 DEOPT PACKING pc=0x0000018ab216fa14 sp=0x0000004fa1dfd040
Event: 0.421 Thread 0x0000018aa2b5ddc0 DEOPT UNPACKING pc=0x0000018aaa6c23a3 sp=0x0000004fa1dfcfd8 mode 2

Classes unloaded (0 events):
No events

Classes redefined (0 events):
No events

Internal exceptions (20 events):
Event: 0.209 Thread 0x0000018aa2b5ddc0 Exception <a 'java/lang/NoSuchMethodError'{0x00000007127ccf18}: 'java.lang.Object java.lang.invoke.DirectMethodHandle$Holder.newInvokeSpecial(java.lang.Object, java.lang.Object, int)'> (0x00000007127ccf18) 
thrown [s\src\hotspot\share\interpreter\linkResolver.cpp, line 759]
Event: 0.210 Thread 0x0000018aa2b5ddc0 Exception <a 'java/lang/NoSuchMethodError'{0x00000007127dc4b8}: 'int java.lang.invoke.DirectMethodHandle$Holder.invokeStaticInit(java.lang.Object, java.lang.Object, long, long)'> (0x00000007127dc4b8) 
thrown [s\src\hotspot\share\interpreter\linkResolver.cpp, line 759]
Event: 0.211 Thread 0x0000018aa2b5ddc0 Exception <a 'java/lang/NoSuchMethodError'{0x00000007127e25c8}: 'java.lang.Object java.lang.invoke.DirectMethodHandle$Holder.newInvokeSpecial(java.lang.Object, java.lang.Object, long)'> (0x00000007127e25c8) 
thrown [s\src\hotspot\share\interpreter\linkResolver.cpp, line 759]
Event: 0.211 Thread 0x0000018aa2b5ddc0 Exception <a 'java/lang/NoSuchMethodError'{0x00000007127e6610}: 'java.lang.Object java.lang.invoke.Invokers$Holder.linkToTargetMethod(java.lang.Object, long, java.lang.Object)'> (0x00000007127e6610) 
thrown [s\src\hotspot\share\interpreter\linkResolver.cpp, line 759]
Event: 0.212 Thread 0x0000018aa2b5ddc0 Exception <a 'java/lang/NoSuchMethodError'{0x00000007127edd28}: 'int java.lang.invoke.DirectMethodHandle$Holder.invokeStaticInit(java.lang.Object, java.lang.Object, java.lang.Object, long)'> (0x00000007127edd28) 
thrown [s\src\hotspot\share\interpreter\linkResolver.cpp, line 759]
Event: 0.224 Thread 0x0000018aa2b5ddc0 Exception <a 'sun/nio/fs/WindowsException'{0x0000000712494170}> (0x0000000712494170) 
thrown [s\src\hotspot\share\prims\jni.cpp, line 516]
Event: 0.224 Thread 0x0000018aa2b5ddc0 Exception <a 'sun/nio/fs/WindowsException'{0x00000007124944f0}> (0x00000007124944f0) 
thrown [s\src\hotspot\share\prims\jni.cpp, line 516]
Event: 0.295 Thread 0x0000018aa2b5ddc0 Exception <a 'sun/nio/fs/WindowsException'{0x0000000712509718}> (0x0000000712509718) 
thrown [s\src\hotspot\share\prims\jni.cpp, line 516]
Event: 0.295 Thread 0x0000018aa2b5ddc0 Exception <a 'sun/nio/fs/WindowsException'{0x0000000712509ad0}> (0x0000000712509ad0) 
thrown [s\src\hotspot\share\prims\jni.cpp, line 516]
Event: 0.297 Thread 0x0000018aa2b5ddc0 Exception <a 'sun/nio/fs/WindowsException'{0x0000000712512598}> (0x0000000712512598) 
thrown [s\src\hotspot\share\prims\jni.cpp, line 516]
Event: 0.297 Thread 0x0000018aa2b5ddc0 Exception <a 'sun/nio/fs/WindowsException'{0x0000000712512888}> (0x0000000712512888) 
thrown [s\src\hotspot\share\prims\jni.cpp, line 516]
Event: 0.411 Thread 0x0000018aa2b5ddc0 Exception <a 'java/lang/ClassNotFoundException'{0x0000000712391da0}: sun/awt/resources/spi/awtProvider> (0x0000000712391da0) 
thrown [s\src\hotspot\share\classfile\systemDictionary.cpp, line 256]
Event: 0.421 Thread 0x0000018aa2b5ddc0 Exception <a 'java/io/FileNotFoundException'{0x00000007123d6780}> (0x00000007123d6780) 
thrown [s\src\hotspot\share\prims\jni.cpp, line 516]
Event: 0.424 Thread 0x0000018aa2b5ddc0 Exception <a 'java/io/FileNotFoundException'{0x0000000712004080}> (0x0000000712004080) 
thrown [s\src\hotspot\share\prims\jni.cpp, line 516]
Event: 0.461 Thread 0x0000018aa2b5ddc0 Exception <a 'java/lang/NoSuchMethodError'{0x0000000712069130}: 'void java.lang.invoke.DirectMethodHandle$Holder.invokeStaticInit(java.lang.Object)'> (0x0000000712069130) 
thrown [s\src\hotspot\share\interpreter\linkResolver.cpp, line 759]
Event: 0.465 Thread 0x0000018aa2b5ddc0 Exception <a 'java/lang/NoSuchMethodError'{0x00000007120fde58}: 'java.lang.Object java.lang.invoke.DirectMethodHandle$Holder.newInvokeSpecial(java.lang.Object, java.lang.Object, java.lang.Object, java.lang.Object, java.lang.Object)'> (0x00000007120fde58) 
thrown [s\src\hotspot\share\interpreter\linkResolver.cpp, line 759]
Event: 0.466 Thread 0x0000018aa2b5ddc0 Exception <a 'java/lang/NoSuchMethodError'{0x0000000712109578}: 'java.lang.Object java.lang.invoke.DirectMethodHandle$Holder.invokeStatic(java.lang.Object, int, java.lang.Object, java.lang.Object, java.lang.Object, java.lang.Object)'> (0x0000000712109578) 
thrown [s\src\hotspot\share\interpreter\linkResolver.cpp, line 759]
Event: 0.470 Thread 0x0000018aa2b5ddc0 Exception <a 'java/lang/NoSuchMethodError'{0x000000071212ea60}: 'java.lang.Object java.lang.invoke.DirectMethodHandle$Holder.invokeStatic(java.lang.Object, int, java.lang.Object)'> (0x000000071212ea60) 
thrown [s\src\hotspot\share\interpreter\linkResolver.cpp, line 759]
Event: 0.480 Thread 0x0000018aa2b5ddc0 Exception <a 'java/lang/ClassNotFoundException'{0x00000007121b1258}: com/sun/java/swing/plaf/windows/resources/spi/windowsProvider> (0x00000007121b1258) 
thrown [s\src\hotspot\share\classfile\systemDictionary.cpp, line 256]
Event: 0.481 Thread 0x0000018aa2b5ddc0 Exception <a 'java/lang/ClassNotFoundException'{0x00000007121b5290}: com/sun/swing/internal/plaf/basic/resources/spi/basicProvider> (0x00000007121b5290) 
thrown [s\src\hotspot\share\classfile\systemDictionary.cpp, line 256]

VM Operations (4 events):
Event: 0.047 Executing VM operation: HandshakeAllThreads
Event: 0.047 Executing VM operation: HandshakeAllThreads done
Event: 0.189 Executing VM operation: HandshakeAllThreads
Event: 0.189 Executing VM operation: HandshakeAllThreads done

Events (20 events):
Event: 0.483 loading class javax/swing/JRadioButtonMenuItem
Event: 0.483 loading class javax/swing/JRadioButtonMenuItem done
Event: 0.483 loading class com/sun/java/swing/plaf/windows/WindowsPopupMenuUI
Event: 0.483 loading class javax/swing/plaf/basic/BasicPopupMenuUI
Event: 0.483 loading class javax/swing/plaf/PopupMenuUI
Event: 0.484 loading class javax/swing/plaf/PopupMenuUI done
Event: 0.484 loading class javax/swing/plaf/basic/BasicPopupMenuUI done
Event: 0.484 loading class com/sun/java/swing/plaf/windows/WindowsPopupMenuUI done
Event: 0.485 loading class com/sun/java/swing/plaf/windows/WindowsLookAndFeel$1
Event: 0.485 loading class com/sun/java/swing/plaf/windows/WindowsLookAndFeel$1 done
Event: 0.486 loading class javax/swing/BorderFactory
Event: 0.486 loading class javax/swing/BorderFactory done
Event: 0.486 loading class javax/swing/border/BevelBorder
Event: 0.486 loading class javax/swing/border/BevelBorder done
Event: 0.486 loading class javax/swing/border/EtchedBorder
Event: 0.486 loading class javax/swing/border/EtchedBorder done
Event: 0.486 loading class com/sun/java/swing/plaf/windows/WindowsLookAndFeel$SkinIcon
Event: 0.486 loading class com/sun/java/swing/plaf/windows/WindowsLookAndFeel$SkinIcon done
Event: 0.505 loading class java/lang/invoke/MethodHandle$1
Event: 0.505 loading class java/lang/invoke/MethodHandle$1 done


Dynamic libraries:
0x00007ff7f41b0000 - 0x00007ff7f41bd000 	C:\Users\Kirill\.jdks\corretto-17.0.4.1\bin\java.exe
0x00007ffd8fe50000 - 0x00007ffd90048000 	C:\WINDOWS\SYSTEM32\ntdll.dll
0x00007ffd8e0e0000 - 0x00007ffd8e19f000 	C:\WINDOWS\System32\KERNEL32.DLL
0x00007ffd8d7a0000 - 0x00007ffd8da72000 	C:\WINDOWS\System32\KERNELBASE.dll
0x00007ffd8d6a0000 - 0x00007ffd8d7a0000 	C:\WINDOWS\System32\ucrtbase.dll
0x00007ffd650e0000 - 0x00007ffd650f8000 	C:\Users\Kirill\.jdks\corretto-17.0.4.1\bin\jli.dll
0x00007ffd66780000 - 0x00007ffd66795000 	C:\Users\Kirill\.jdks\corretto-17.0.4.1\bin\VCRUNTIME140.dll
0x00007ffd8f2d0000 - 0x00007ffd8f471000 	C:\WINDOWS\System32\USER32.dll
0x00007ffd772e0000 - 0x00007ffd7757a000 	C:\WINDOWS\WinSxS\amd64_microsoft.windows.common-controls_6595b64144ccf1df_6.0.19041.1110_none_60b5254171f9507e\COMCTL32.dll
0x00007ffd8da80000 - 0x00007ffd8daa2000 	C:\WINDOWS\System32\win32u.dll
0x00007ffd8fb40000 - 0x00007ffd8fbde000 	C:\WINDOWS\System32\msvcrt.dll
0x00007ffd8dfe0000 - 0x00007ffd8e00b000 	C:\WINDOWS\System32\GDI32.dll
0x00007ffd8dab0000 - 0x00007ffd8dbbf000 	C:\WINDOWS\System32\gdi32full.dll
0x00007ffd8dda0000 - 0x00007ffd8de3d000 	C:\WINDOWS\System32\msvcp_win.dll
0x00007ffd8f160000 - 0x00007ffd8f192000 	C:\WINDOWS\System32\IMM32.DLL
0x00007ffd44c60000 - 0x00007ffd44cfb000 	C:\Users\Kirill\.jdks\corretto-17.0.4.1\bin\msvcp140.dll
0x00007ffd350c0000 - 0x00007ffd35cd4000 	C:\Users\Kirill\.jdks\corretto-17.0.4.1\bin\server\jvm.dll
0x00007ffd8fbe0000 - 0x00007ffd8fc8e000 	C:\WINDOWS\System32\ADVAPI32.dll
0x00007ffd8fd70000 - 0x00007ffd8fe0c000 	C:\WINDOWS\System32\sechost.dll
0x00007ffd8deb0000 - 0x00007ffd8dfd5000 	C:\WINDOWS\System32\RPCRT4.dll
0x00007ffd8fa80000 - 0x00007ffd8fa88000 	C:\WINDOWS\System32\PSAPI.DLL
0x00007ffd79f00000 - 0x00007ffd79f09000 	C:\WINDOWS\SYSTEM32\WSOCK32.dll
0x00007ffd77690000 - 0x00007ffd776b7000 	C:\WINDOWS\SYSTEM32\WINMM.dll
0x00007ffd87d90000 - 0x00007ffd87d9a000 	C:\WINDOWS\SYSTEM32\VERSION.dll
0x00007ffd8f990000 - 0x00007ffd8f9fb000 	C:\WINDOWS\System32\WS2_32.dll
0x00007ffd8b420000 - 0x00007ffd8b432000 	C:\WINDOWS\SYSTEM32\kernel.appcore.dll
0x00007ffd69310000 - 0x00007ffd6931a000 	C:\Users\Kirill\.jdks\corretto-17.0.4.1\bin\jimage.dll
0x00007ffd7c5b0000 - 0x00007ffd7c794000 	C:\WINDOWS\SYSTEM32\DBGHELP.DLL
0x00007ffd7c560000 - 0x00007ffd7c595000 	C:\WINDOWS\SYSTEM32\dbgcore.DLL
0x00007ffd8dc30000 - 0x00007ffd8dcb2000 	C:\WINDOWS\System32\bcryptPrimitives.dll
0x00007ffd62e60000 - 0x00007ffd62e85000 	C:\Users\Kirill\.jdks\corretto-17.0.4.1\bin\java.dll
0x00007ffd44590000 - 0x00007ffd44666000 	C:\Users\Kirill\.jdks\corretto-17.0.4.1\bin\jsvml.dll
0x00007ffd8e9b0000 - 0x00007ffd8f0f4000 	C:\WINDOWS\System32\SHELL32.dll
0x00007ffd8b620000 - 0x00007ffd8bdb2000 	C:\WINDOWS\SYSTEM32\windows.storage.dll
0x00007ffd8f630000 - 0x00007ffd8f985000 	C:\WINDOWS\System32\combase.dll
0x00007ffd8cfa0000 - 0x00007ffd8cfd0000 	C:\WINDOWS\SYSTEM32\Wldp.dll
0x00007ffd8e900000 - 0x00007ffd8e9ad000 	C:\WINDOWS\System32\SHCORE.dll
0x00007ffd8e8a0000 - 0x00007ffd8e8f5000 	C:\WINDOWS\System32\shlwapi.dll
0x00007ffd8d480000 - 0x00007ffd8d49f000 	C:\WINDOWS\SYSTEM32\profapi.dll
0x00007ffd63360000 - 0x00007ffd63379000 	C:\Users\Kirill\.jdks\corretto-17.0.4.1\bin\net.dll
0x00007ffd879a0000 - 0x00007ffd87aac000 	C:\WINDOWS\SYSTEM32\WINHTTP.dll
0x00007ffd8cc20000 - 0x00007ffd8cc8a000 	C:\WINDOWS\system32\mswsock.dll
0x00007ffd5f8c0000 - 0x00007ffd5f8d5000 	C:\Users\Kirill\.jdks\corretto-17.0.4.1\bin\nio.dll
0x00007ffd5f8a0000 - 0x00007ffd5f8b8000 	C:\Users\Kirill\.jdks\corretto-17.0.4.1\bin\zip.dll
0x00007ffd66d60000 - 0x00007ffd66d70000 	C:\Users\Kirill\.jdks\corretto-17.0.4.1\bin\verify.dll
0x0000000064a00000 - 0x000000006580b000 	C:\Users\Kirill\AppData\Local\Temp\imgui-java-natives_1675848073299\imgui-java64.dll
0x00007ffd7fa00000 - 0x00007ffd7fa71000 	C:\Users\Kirill\AppData\Local\Temp\lwjglKirill\3.3.0-SNAPSHOT\lwjgl.dll
0x00007ffd6de90000 - 0x00007ffd6def1000 	C:\Users\Kirill\AppData\Local\Temp\lwjglKirill\3.3.0-SNAPSHOT\glfw.dll
0x00007ffd78b10000 - 0x00007ffd78b55000 	C:\WINDOWS\SYSTEM32\dinput8.dll
0x00007ffd7f930000 - 0x00007ffd7f941000 	C:\WINDOWS\SYSTEM32\xinput1_4.dll
0x00007ffd8de40000 - 0x00007ffd8de8e000 	C:\WINDOWS\System32\cfgmgr32.dll
0x00007ffd8d2f0000 - 0x00007ffd8d31c000 	C:\WINDOWS\SYSTEM32\DEVOBJ.dll
0x00007ffd8b130000 - 0x00007ffd8b15f000 	C:\WINDOWS\SYSTEM32\dwmapi.dll
0x00007ffd75920000 - 0x00007ffd75a72000 	C:\WINDOWS\SYSTEM32\inputhost.dll
0x00007ffd8e010000 - 0x00007ffd8e0dd000 	C:\WINDOWS\System32\OLEAUT32.dll
0x00007ffd8aa60000 - 0x00007ffd8ab52000 	C:\WINDOWS\SYSTEM32\CoreMessaging.dll
0x00007ffd8a020000 - 0x00007ffd8a174000 	C:\WINDOWS\SYSTEM32\wintypes.dll
0x00007ffd890c0000 - 0x00007ffd891b6000 	C:\WINDOWS\SYSTEM32\PROPSYS.dll
0x00007ffd8a6f0000 - 0x00007ffd8aa4e000 	C:\WINDOWS\SYSTEM32\CoreUIComponents.dll
0x00007ffd8c660000 - 0x00007ffd8c693000 	C:\WINDOWS\SYSTEM32\ntmarta.dll
0x00007ffd8af50000 - 0x00007ffd8afee000 	C:\WINDOWS\system32\uxtheme.dll
0x00007ffd8e240000 - 0x00007ffd8e355000 	C:\WINDOWS\System32\MSCTF.dll
0x00007ffd6daf0000 - 0x00007ffd6dc15000 	C:\WINDOWS\SYSTEM32\opengl32.dll
0x00007ffd7e1a0000 - 0x00007ffd7e1cc000 	C:\WINDOWS\SYSTEM32\GLU32.dll
0x00007ffd8fa90000 - 0x00007ffd8fb3f000 	C:\WINDOWS\System32\clbcatq.dll
0x00007ffd20320000 - 0x00007ffd213c5000 	C:\WINDOWS\System32\DriverStore\FileRepository\iigd_dch.inf_amd64_51f685305808e3a5\ig9icd64.dll
0x00007ffd8f1a0000 - 0x00007ffd8f2ca000 	C:\WINDOWS\System32\ole32.dll
0x00007ffd8be00000 - 0x00007ffd8bef3000 	C:\WINDOWS\system32\dxgi.dll
0x00007ffd6dd60000 - 0x00007ffd6de8c000 	C:\WINDOWS\System32\DriverStore\FileRepository\iigd_dch.inf_amd64_51f685305808e3a5\igdml64.dll
0x00007ffd84bf0000 - 0x00007ffd84ff9000 	C:\WINDOWS\System32\DriverStore\FileRepository\iigd_dch.inf_amd64_51f685305808e3a5\igdgmm64.dll
0x00007ffd81450000 - 0x00007ffd84be4000 	C:\WINDOWS\System32\DriverStore\FileRepository\iigd_dch.inf_amd64_51f685305808e3a5\igc64.dll
0x00007ffd8cf50000 - 0x00007ffd8cf9b000 	C:\WINDOWS\SYSTEM32\powrprof.dll
0x00007ffd8cf30000 - 0x00007ffd8cf42000 	C:\WINDOWS\SYSTEM32\UMPDC.dll
0x00007ffd754a0000 - 0x00007ffd754fd000 	C:\Users\Kirill\AppData\Local\Temp\lwjglKirill\3.3.0-SNAPSHOT\lwjgl_opengl.dll
0x00007ffd6fcb0000 - 0x00007ffd6fda9000 	C:\WINDOWS\SYSTEM32\textinputframework.dll
0x00007ffd3d090000 - 0x00007ffd3d237000 	C:\Users\Kirill\.jdks\corretto-17.0.4.1\bin\awt.dll
0x00007ffd8ada0000 - 0x00007ffd8ae31000 	C:\WINDOWS\SYSTEM32\apphelp.dll

dbghelp: loaded successfully - version: 4.0.5 - missing functions: none
symbol engine: initialized successfully - sym options: 0x614 - pdb path: .;C:\Users\Kirill\.jdks\corretto-17.0.4.1\bin;C:\WINDOWS\SYSTEM32;C:\WINDOWS\WinSxS\amd64_microsoft.windows.common-controls_6595b64144ccf1df_6.0.19041.1110_none_60b5254171f9507e;C:\Users\Kirill\.jdks\corretto-17.0.4.1\bin\server;C:\Users\Kirill\AppData\Local\Temp\imgui-java-natives_1675848073299;C:\Users\Kirill\AppData\Local\Temp\lwjglKirill\3.3.0-SNAPSHOT;C:\WINDOWS\System32\DriverStore\FileRepository\iigd_dch.inf_amd64_51f685305808e3a5

VM Arguments:
jvm_args: -Dfile.encoding=windows-1251 -Duser.country=RU -Duser.language=ru -Duser.variant 
java_command: Main
java_class_path (initial): C:\_Files\Projects\Java\LogicGatesCreator\build\classes\java\main;C:\_Files\Projects\Java\LogicGatesCreator\build\resources\main;C:\Users\Kirill\.gradle\caches\modules-2\files-2.1\io.github.spair\imgui-java-app\1.86.0\6a24cc3f12c80106b0d3ae86de86d8f8a4f9d77c\imgui-java-app-1.86.0.jar;C:\Users\Kirill\.gradle\caches\modules-2\files-2.1\io.github.spair\imgui-java-lwjgl3\1.86.0\37d110d1c6ba91c9e49b3b2960cf2ab534fe5f7a\imgui-java-lwjgl3-1.86.0.jar;C:\Users\Kirill\.gradle\caches\modules-2\files-2.1\io.github.spair\imgui-java-binding\1.86.0\69655ac6cffae497b3e1d16240b003815a2b1e0d\imgui-java-binding-1.86.0.jar;C:\Users\Kirill\.gradle\caches\modules-2\files-2.1\io.github.spair\imgui-java-natives-windows\1.86.0\b9c0aa0ebf251dbebe0dd7c39499f95cbe03d88\imgui-java-natives-windows-1.86.0.jar;C:\Users\Kirill\.gradle\caches\modules-2\files-2.1\com.google.code.gson\gson\2.9.1\2cc2131b98ebfb04e2b2c7dfb84431f4045096b\gson-2.9.1.jar;C:\Users\Kirill\.gradle\caches\modules-2\files-2.1\org.lwjgl\lwjgl-assimp\3.3.0\82135e856184e76d38a97f729141298d3edcf0e4\lwjgl-assimp-3.3.0.jar;C:\Users\Kirill\.gradle\caches\modules-2\files-2.1\org.lwjgl\lwjgl-assimp\3.3.0\3256ea17d2f82e98a2e6464cb165a3af49ac5e36\lwjgl-assimp-3.3.0-natives-windows.jar;C:\Users\Kirill\.gradle\caches\modules-2\files-2.1\org.lwjgl\lwjgl-glfw\3.3.0\899e34f314525596f8fdb6476d3e56104da4601d\lwjgl-glfw-3.3.0.jar;C:\Users\Kirill\.gradle\caches\modules-2\files-2.1\org.lwjgl\lwjgl-glfw\3.3.0\b2d71cebdfecc512131879573e835211cb47b91f\lwjgl-glfw-3.3.0-natives-windows.jar;C:\Users\Kirill\.gradle\caches\modules-2\files-2.1\org.lwjgl\lwjgl-glfw\3.3.0\d710d7211b4060f738123a47dcc530329ecb0661\lwjgl-glfw-3.3.0-natives-linux.jar;C:\Users\Kirill\.gradle\caches\modules-2\files-2.1\org.lwjgl\lwjgl-glfw\3.3.0\98de70314a31417494c2308587193e371c844a8b\lwjgl-glfw-3.3.0-natives-macos.jar;C:\Users\Kirill\.gradle\caches\modules-2\files-2.1\org.lwjgl\lwjgl-nfd\3.3.0\6d0e4be3e2811979b3cad55f642c5b13559fa202\lwjgl-nfd-3.3.0.j
Launcher Type: SUN_STANDARD

[Global flags]
     intx CICompilerCount                          = 4                                         {product} {ergonomic}
     uint ConcGCThreads                            = 3                                         {product} {ergonomic}
     uint G1ConcRefinementThreads                  = 10                                        {product} {ergonomic}
   size_t G1HeapRegionSize                         = 2097152                                   {product} {ergonomic}
    uintx GCDrainStackTargetSize                   = 64                                        {product} {ergonomic}
   size_t InitialHeapSize                          = 266338304                                 {product} {ergonomic}
   size_t MarkStackSize                            = 4194304                                   {product} {ergonomic}
   size_t MaxHeapSize                              = 4246732800                                {product} {ergonomic}
   size_t MaxNewSize                               = 2548039680                                {product} {ergonomic}
   size_t MinHeapDeltaBytes                        = 2097152                                   {product} {ergonomic}
   size_t MinHeapSize                              = 8388608                                   {product} {ergonomic}
    uintx NonNMethodCodeHeapSize                   = 5839372                                {pd product} {ergonomic}
    uintx NonProfiledCodeHeapSize                  = 122909434                              {pd product} {ergonomic}
    uintx ProfiledCodeHeapSize                     = 122909434                              {pd product} {ergonomic}
    uintx ReservedCodeCacheSize                    = 251658240                              {pd product} {ergonomic}
     bool SegmentedCodeCache                       = true                                      {product} {ergonomic}
   size_t SoftMaxHeapSize                          = 4246732800                             {manageable} {ergonomic}
     bool UseCompressedClassPointers               = true                           {product lp64_product} {ergonomic}
     bool UseCompressedOops                        = true                           {product lp64_product} {ergonomic}
     bool UseG1GC                                  = true                                      {product} {ergonomic}
     bool UseLargePagesIndividualAllocation        = false                                  {pd product} {ergonomic}

Logging:
Log output configuration:
 #0: stdout all=warning uptime,level,tags
 #1: stderr all=off uptime,level,tags

Environment Variables:
PATH=C:\Program Files\Common Files\Oracle\Java\javapath;C:\Program Files\Python310\Scripts\;C:\Program Files\Python310\;C:\WINDOWS\system32;C:\WINDOWS;C:\WINDOWS\System32\Wbem;C:\WINDOWS\System32\WindowsPowerShell\v1.0\;C:\WINDOWS\System32\OpenSSH\;C:\Program Files\dotnet\;C:\Program Files\Git\cmd;C:\Program Files\Java\jdk-18.0.2.1\bin;C:\Users\Kirill\AppData\Local\Microsoft\WindowsApps;C:\Program Files\JetBrains\PyCharm Community Edition 2022.2\bin;;C:\Users\Kirill\AppData\Local\Programs\Microsoft VS Code\bin;C:\Program Files\JetBrains\IntelliJ IDEA Community Edition 2022.2.1\bin;;C:\Program Files\Java\jdk-18.0.2.1\bin;
USERNAME=Kirill
OS=Windows_NT
PROCESSOR_IDENTIFIER=Intel64 Family 6 Model 165 Stepping 3, GenuineIntel
TMP=C:\Users\Kirill\AppData\Local\Temp
TEMP=C:\Users\Kirill\AppData\Local\Temp



---------------  S Y S T E M  ---------------

OS:
 Windows 10 , 64 bit Build 19041 (10.0.19041.2364)
OS uptime: 6 days 4:07 hours

CPU: total 12 (initial active 12) (6 cores per cpu, 2 threads per core) family 6 model 165 stepping 3 microcode 0xe0, cx8, cmov, fxsr, ht, mmx, 3dnowpref, sse, sse2, sse3, ssse3, sse4.1, sse4.2, popcnt, lzcnt, tsc, tscinvbit, avx, avx2, aes, erms, clmul, bmi1, bmi2, adx, fma, vzeroupper, clflush, clflushopt

Memory: 4k page, system-wide physical 16196M (8655M free)
TotalPageFile size 18628M (AvailPageFile size 8815M)
current process WorkingSet (physical memory assigned to process): 132M, peak: 132M
current process commit charge ("private bytes"): 391M, peak: 391M

vm_info: OpenJDK 64-Bit Server VM (17.0.4.1+9-LTS) for windows-amd64 JRE (17.0.4.1+9-LTS), built on Aug 12 2022 17:33:36 by "Administrator" with MS VC++ 15.9 (VS2017)

END.
