#
# A fatal error has been detected by the Java Runtime Environment:
#
#  EXCEPTION_ACCESS_VIOLATION (0xc0000005) at pc=0x0000000064b07395, pid=3864, tid=6520
#
# JRE version: Java(TM) SE Runtime Environment (18.0.2.1+1) (build 18.0.2.1+1-1)
# Java VM: Java HotSpot(TM) 64-Bit Server VM (18.0.2.1+1-1, mixed mode, sharing, tiered, compressed oops, compressed class ptrs, g1 gc, windows-amd64)
# Problematic frame:
# C  [imgui-java64.dll+0x107395]
#
# No core dump will be written. Minidumps are not enabled by default on client versions of Windows
#
# If you would like to submit a bug report, please visit:
#   https://bugreport.java.com/bugreport/crash.jsp
# The crash happened outside the Java Virtual Machine in native code.
# See problematic frame for where to report the bug.
#

---------------  S U M M A R Y ------------

Command Line: -Dfile.encoding=windows-1251 -Duser.country=RU -Duser.language=ru -Duser.variant Main

Host: Intel(R) Core(TM) i5-10400 CPU @ 2.90GHz, 12 cores, 15G,  Windows 10 , 64 bit Build 19041 (10.0.19041.2364)
Time: Sat Feb  4 16:53:46 2023  Windows 10 , 64 bit Build 19041 (10.0.19041.2364) elapsed time: 0.191228 seconds (0d 0h 0m 0s)

---------------  T H R E A D  ---------------

Current thread (0x0000025cb6a16b60):  JavaThread "main" [_thread_in_native, id=6520, stack(0x0000006787400000,0x0000006787500000)]

Stack: [0x0000006787400000,0x0000006787500000],  sp=0x00000067874fe9f0,  free space=1018k
Native frames: (J=compiled Java code, j=interpreted, Vv=VM code, C=native code)
C  [imgui-java64.dll+0x107395]

Java frames: (J=compiled Java code, j=interpreted, Vv=VM code)
j  imgui.extension.nodeditor.NodeEditor.setNodePosition(JFF)V+0
j  editor.GraphDeserializer.deserialize(Lcom/google/gson/JsonElement;Ljava/lang/reflect/Type;Lcom/google/gson/JsonDeserializationContext;)Leditor/Graph;+225
j  editor.GraphDeserializer.deserialize(Lcom/google/gson/JsonElement;Ljava/lang/reflect/Type;Lcom/google/gson/JsonDeserializationContext;)Ljava/lang/Object;+4
j  com.google.gson.internal.bind.TreeTypeAdapter.read(Lcom/google/gson/stream/JsonReader;)Ljava/lang/Object;+46
j  com.google.gson.Gson.fromJson(Lcom/google/gson/stream/JsonReader;Ljava/lang/reflect/Type;)Ljava/lang/Object;+37
j  com.google.gson.Gson.fromJson(Ljava/io/Reader;Ljava/lang/reflect/Type;)Ljava/lang/Object;+9
j  com.google.gson.Gson.fromJson(Ljava/lang/String;Ljava/lang/reflect/Type;)Ljava/lang/Object;+18
j  com.google.gson.Gson.fromJson(Ljava/lang/String;Ljava/lang/Class;)Ljava/lang/Object;+3
j  editor.Graph.load(Ljava/lang/String;)Leditor/Graph;+80
j  editor.Gates_NodeEditor.<init>()V+41
j  Main.<clinit>()V+4
v  ~StubRoutines::call_stub

siginfo: EXCEPTION_ACCESS_VIOLATION (0xc0000005), reading address 0x00000000000001d8


Register to memory mapping:

RIP=0x0000000064b07395 imgui-java64.dll
RAX=0x0000000064ae80d0 imgui-java64.dll
RBX={method} {0x0000025cda106680} 'setNodePosition' '(JFF)V' in 'imgui/extension/nodeditor/NodeEditor'
RCX=0x0 is NULL
RDX=0x0000000000000001 is an unknown value
RSP=0x00000067874fe9f0 is pointing into the stack for thread: 0x0000025cb6a16b60
RBP=0x00000067874feb00 is pointing into the stack for thread: 0x0000025cb6a16b60
RSI=0x000000071273fa50 is an oop: java.lang.String 
{0x000000071273fa50} - klass: 'java/lang/String'
 - string: ".gate"
 - ---- fields (total size 3 words):
 - private 'hash' 'I' @12  0
 - private final 'coder' 'B' @16  0
 - private 'hashIsZero' 'Z' @17  false
 - abstract internal 'flags' 'B' @18  0
 - private final synchronized 'value' '[B' @20  [B{0x000000071273fa68} (e24e7f4d)
RDI=0x0000000000000005 is an unknown value
R8 =0x00000067874fea58 is pointing into the stack for thread: 0x0000025cb6a16b60
R9 =0x0000000000000002 is an unknown value
R10=0x0000025cbe35d5f2 is at code_begin+946 in an Interpreter codelet
method entry point (kind = native)  [0x0000025cbe35d240, 0x0000025cbe35dbc0]  2432 bytes
R11=0x0000000712744c30 is an oop: java.lang.Class 
{0x0000000712744c30} - klass: 'java/lang/Class'
 - ---- fields (total size 16 words):
 - private volatile transient 'classRedefinedCount' 'I' @12  0
 - abstract internal 'klass' 'J' @16  34372441288 (c1d4c8 8)
 - abstract internal 'array_klass' 'J' @24  0 (0 0)
 - abstract internal 'oop_size' 'I' @32  16 (10)
 - abstract internal 'static_oop_field_count' 'I' @36  4
 - private volatile transient 'cachedConstructor' 'Ljava/lang/reflect/Constructor;' @40  NULL (0)
 - private transient 'name' 'Ljava/lang/String;' @44  "imgui.extension.nodeditor.NodeEditor"{0x0000000712744cc0} (e24e8998)
 - private transient 'module' 'Ljava/lang/Module;' @48  a 'java/lang/Module'{0x0000000712ae3018} (e255c603)
 - private final 'classLoader' 'Ljava/lang/ClassLoader;' @52  a 'jdk/internal/loader/ClassLoaders$AppClassLoader'{0x0000000712ae2e58} (e255c5cb)
 - private transient 'classData' 'Ljava/lang/Object;' @56  NULL (0)
 - private transient 'packageName' 'Ljava/lang/String;' @60  "imgui.extension.nodeditor"{0x0000000712bd35b8} (e257a6b7)
 - private final 'componentType' 'Ljava/lang/Class;' @64  NULL (0)
 - private volatile transient 'reflectionData' 'Ljava/lang/ref/SoftReference;' @68  NULL (0)
 - private volatile transient 'genericInfo' 'Lsun/reflect/generics/repository/ClassRepository;' @72  NULL (0)
 - private volatile transient 'enumConstants' '[Ljava/lang/Object;' @76  NULL (0)
 - private volatile transient 'enumConstantDirectory' 'Ljava/util/Map;' @80  NULL (0)
 - private volatile transient 'annotationData' 'Ljava/lang/Class$AnnotationData;' @84  NULL (0)
 - private volatile transient 'annotationType' 'Lsun/reflect/annotation/AnnotationType;' @88  NULL (0)
 - transient 'classValueMap' 'Ljava/lang/ClassValue$ClassValueMap;' @92  NULL (0)
 - abstract internal 'protection_domain' 'Ljava/lang/Object;' @96  a 'java/security/ProtectionDomain'{0x0000000712b423b0} (e2568476)
 - abstract internal 'signers_name' 'Ljava/lang/Object;' @100  NULL (0)
 - abstract internal 'source_file' 'Ljava/lang/Object;' @104  NULL (0)
 - signature: Limgui/extension/nodeditor/NodeEditor;
 - ---- static fields (4):
 - private static final 'HINT_FOREGROUND_DRAW_LIST' 'Limgui/ImDrawList;' @112  a 'imgui/ImDrawList'{0x0000000712744d58} (e24e89ab)
 - private static final 'HINT_BACKGROUND_DRAW_LIST' 'Limgui/ImDrawList;' @116  a 'imgui/ImDrawList'{0x0000000712744d70} (e24e89ae)
 - private static final 'NODE_BACKGROUND_DRAW_LIST' 'Limgui/ImDrawList;' @120  a 'imgui/ImDrawList'{0x0000000712744d88} (e24e89b1)
 - private static final 'STYLE' 'Limgui/extension/nodeditor/NodeEditorStyle;' @124  a 'imgui/extension/nodeditor/NodeEditorStyle'{0x0000000712748980} (e24e9130)
R12=0x0 is NULL
R13={method} {0x0000025cda106680} 'setNodePosition' '(JFF)V' in 'imgui/extension/nodeditor/NodeEditor'
R14=0x00000067874feb38 is pointing into the stack for thread: 0x0000025cb6a16b60
R15=0x0000025cb6a16b60 is a thread


Registers:
RAX=0x0000000064ae80d0, RBX=0x0000025cda106678, RCX=0x0000000000000000, RDX=0x0000000000000001
RSP=0x00000067874fe9f0, RBP=0x00000067874feb00, RSI=0x000000071273fa50, RDI=0x0000000000000005
R8 =0x00000067874fea58, R9 =0x0000000000000002, R10=0x0000025cbe35d5f2, R11=0x0000000712744c30
R12=0x0000000000000000, R13=0x0000025cda106678, R14=0x00000067874feb38, R15=0x0000025cb6a16b60
RIP=0x0000000064b07395, EFLAGS=0x0000000000010206

Top of Stack: (sp=0x00000067874fe9f0)
0x00000067874fe9f0:   00000067874feb00 00007ffd42bf40e5
0x00000067874fea00:   000000000000cd7d 0000025cbe374a1b
0x00000067874fea10:   0000025cb6a16b60 0000025cb6a16b60
0x00000067874fea20:   000000071273fa50 0000000064ae80f3
0x00000067874fea30:   0000000000000005 0000025cbe35d48e
0x00000067874fea40:   0000025cda106678 0000025cda106678
0x00000067874fea50:   00000067874feb38 43a18000435e0000
0x00000067874fea60:   0000025cb6a16b60 0000025cbe35d621
0x00000067874fea70:   0000025cda106678 0000025cbe358e10
0x00000067874fea80:   0000000000000005 0000025cbe35d352
0x00000067874fea90:   0000025c43a18000 000000071273fa50
0x00000067874feaa0:   0000025cda00a160 000000071273fa50
0x00000067874feab0:   0000025cbe35d2f6 00000067874feab8
0x00000067874feac0:   0000025cda106678 00000067874feb38
0x00000067874fead0:   0000025cda103780 0000000000000000
0x00000067874feae0:   0000000712744c30 0000025cda106678 

Instructions: (pc=0x0000000064b07395)
0x0000000064b07295:   66 0f ef c9 f3 0f 58 d0 f3 0f 2a c8 f3 0f 2c c0
0x0000000064b072a5:   66 0f ef c0 f3 41 0f 11 4c 24 70 f3 0f 2a c0 f3
0x0000000064b072b5:   0f 2c c3 f3 41 0f 11 44 24 74 66 0f ef c0 f3 0f
0x0000000064b072c5:   2a c0 f3 0f 2c c2 f3 41 0f 11 44 24 78 66 0f ef
0x0000000064b072d5:   c0 f3 0f 2a c0 f3 41 0f 11 44 24 7c 4c 89 e0 41
0x0000000064b072e5:   c6 44 24 10 00 48 83 c4 48 5b 41 5c 41 5d 41 5e
0x0000000064b072f5:   c3 66 2e 0f 1f 84 00 00 00 00 00 4c 89 e2 4c 89
0x0000000064b07305:   f1 4c 89 6c 24 20 48 c7 44 24 28 01 00 00 00 e8
0x0000000064b07315:   b7 28 ff ff 48 85 c0 0f 84 e4 fd ff ff 41 b8 62
0x0000000064b07325:   07 00 00 48 8d 15 01 33 42 00 48 8d 0d 7a 39 42
0x0000000064b07335:   00 ff 15 dc c3 cf 00 e9 c5 fd ff ff 0f 1f 80 00
0x0000000064b07345:   00 00 00 f3 0f 10 4b 1c 0f 2f c8 0f 87 11 ff ff
0x0000000064b07355:   ff eb 89 0f 1f 84 00 00 00 00 00 c6 43 20 01 4c
0x0000000064b07365:   89 e2 4c 89 f1 e8 41 a7 ff ff e9 7b fe ff ff 0f
0x0000000064b07375:   1f 40 00 49 8d 8e a0 07 00 00 4c 89 ea e8 99 fc
0x0000000064b07385:   ff ff 48 89 c3 e9 56 fe ff ff 90 56 48 83 ec 30
0x0000000064b07395:   48 8b 81 d8 01 00 00 4c 8b 89 e0 01 00 00 4c 89
0x0000000064b073a5:   c6 4c 39 c8 75 12 e9 d8 00 00 00 48 83 c0 10 49
0x0000000064b073b5:   39 c1 0f 84 cb 00 00 00 48 39 10 75 ee 4c 8b 40
0x0000000064b073c5:   08 4d 85 c0 0f 84 b9 00 00 00 f3 41 0f 10 40 24
0x0000000064b073d5:   f3 0f 10 16 f3 41 0f 10 48 28 f3 0f 10 6e 04 0f
0x0000000064b073e5:   2e c2 7a 17 75 15 0f 2e cd 7a 10 75 0e 48 83 c4
0x0000000064b073f5:   30 5e c3 0f 1f 84 00 00 00 00 00 f3 0f 5c d0 f3
0x0000000064b07405:   0f 5c e9 f3 41 0f 10 60 2c f3 41 0f 10 58 30 48
0x0000000064b07415:   81 c1 a0 07 00 00 ba 02 00 00 00 f3 0f 58 c2 f3
0x0000000064b07425:   0f 58 cd f3 0f 58 e2 f3 0f 58 dd f3 0f 2c c0 66
0x0000000064b07435:   0f ef c0 f3 0f 2a c0 f3 0f 2c c1 f3 41 0f 11 40
0x0000000064b07445:   24 66 0f ef c0 f3 0f 2a c0 f3 0f 2c c4 f3 41 0f
0x0000000064b07455:   11 40 28 66 0f ef c0 f3 0f 2a c0 f3 0f 2c c3 f3
0x0000000064b07465:   41 0f 11 40 2c 66 0f ef c0 f3 0f 2a c0 f3 41 0f
0x0000000064b07475:   11 40 30 48 83 c4 30 5e e9 1e 44 ff ff 66 0f 1f
0x0000000064b07485:   44 00 00 48 89 4c 24 28 e8 1e fc ff ff 48 8b 4c 


Stack slot to memory mapping:
stack at sp + 0 slots: 0x00000067874feb00 is pointing into the stack for thread: 0x0000025cb6a16b60
stack at sp + 1 slots: 0x00007ffd42bf40e5 jvm.dll
stack at sp + 2 slots: 0x000000000000cd7d is an unknown value
stack at sp + 3 slots: 0x0000025cbe374a1b is at code_begin+3227 in 
[CodeBlob (0x0000025cbe373d10)]
Framesize: 0
BufferBlob (0x0000025cbe373d10) used for native signature handlers
stack at sp + 4 slots: 0x0000025cb6a16b60 is a thread
stack at sp + 5 slots: 0x0000025cb6a16b60 is a thread
stack at sp + 6 slots: 0x000000071273fa50 is an oop: java.lang.String 
{0x000000071273fa50} - klass: 'java/lang/String'
 - string: ".gate"
 - ---- fields (total size 3 words):
 - private 'hash' 'I' @12  0
 - private final 'coder' 'B' @16  0
 - private 'hashIsZero' 'Z' @17  false
 - abstract internal 'flags' 'B' @18  0
 - private final synchronized 'value' '[B' @20  [B{0x000000071273fa68} (e24e7f4d)
stack at sp + 7 slots: 0x0000000064ae80f3 imgui-java64.dll


---------------  P R O C E S S  ---------------

Threads class SMR info:
_java_thread_list=0x0000025cddda5bc0, length=12, elements={
0x0000025cb6a16b60, 0x0000025cd9b1b9d0, 0x0000025cd9b1d640, 0x0000025cd9b3b340,
0x0000025cd9b3bbf0, 0x0000025cd9b3c4a0, 0x0000025cd9b3cd50, 0x0000025cd9b3d930,
0x0000025cd9b3e360, 0x0000025cd9b40c60, 0x0000025cdddc4d40, 0x0000025cdddd1a60
}

Java Threads: ( => current thread )
=>0x0000025cb6a16b60 JavaThread "main" [_thread_in_native, id=6520, stack(0x0000006787400000,0x0000006787500000)]
  0x0000025cd9b1b9d0 JavaThread "Reference Handler" daemon [_thread_blocked, id=13156, stack(0x0000006787b00000,0x0000006787c00000)]
  0x0000025cd9b1d640 JavaThread "Finalizer" daemon [_thread_blocked, id=11128, stack(0x0000006787c00000,0x0000006787d00000)]
  0x0000025cd9b3b340 JavaThread "Signal Dispatcher" daemon [_thread_blocked, id=9252, stack(0x0000006787d00000,0x0000006787e00000)]
  0x0000025cd9b3bbf0 JavaThread "Attach Listener" daemon [_thread_blocked, id=13620, stack(0x0000006787e00000,0x0000006787f00000)]
  0x0000025cd9b3c4a0 JavaThread "Service Thread" daemon [_thread_blocked, id=3432, stack(0x0000006787f00000,0x0000006788000000)]
  0x0000025cd9b3cd50 JavaThread "Monitor Deflation Thread" daemon [_thread_blocked, id=12948, stack(0x0000006788000000,0x0000006788100000)]
  0x0000025cd9b3d930 JavaThread "C2 CompilerThread0" daemon [_thread_blocked, id=8600, stack(0x0000006788100000,0x0000006788200000)]
  0x0000025cd9b3e360 JavaThread "C1 CompilerThread0" daemon [_thread_blocked, id=11220, stack(0x0000006788200000,0x0000006788300000)]
  0x0000025cd9b40c60 JavaThread "Sweeper thread" daemon [_thread_blocked, id=15256, stack(0x0000006788300000,0x0000006788400000)]
  0x0000025cdddc4d40 JavaThread "Notification Thread" daemon [_thread_blocked, id=10948, stack(0x0000006788400000,0x0000006788500000)]
  0x0000025cdddd1a60 JavaThread "Common-Cleaner" daemon [_thread_blocked, id=13684, stack(0x0000006788600000,0x0000006788700000)]

Other Threads:
  0x0000025cd9b18230 VMThread "VM Thread" [stack: 0x0000006787a00000,0x0000006787b00000] [id=12276]
  0x0000025cdddd1640 WatcherThread "VM Periodic Task Thread" [stack: 0x0000006788500000,0x0000006788600000] [id=12964]
  0x0000025cb6a85de0 WorkerThread "GC Thread#0" [stack: 0x0000006787500000,0x0000006787600000] [id=10016]
  0x0000025cb6a96a20 ConcurrentGCThread "G1 Main Marker" [stack: 0x0000006787600000,0x0000006787700000] [id=11832]
  0x0000025cb6a98bc0 WorkerThread "G1 Conc#0" [stack: 0x0000006787700000,0x0000006787800000] [id=9396]
  0x0000025cb6adea50 ConcurrentGCThread "G1 Refine#0" [stack: 0x0000006787800000,0x0000006787900000] [id=2308]
  0x0000025cd99d24f0 ConcurrentGCThread "G1 Service" [stack: 0x0000006787900000,0x0000006787a00000] [id=6412]

Threads with active compile tasks:

VM state: not at safepoint (normal execution)

VM Mutex/Monitor currently owned by a thread: None

Heap address: 0x0000000702e00000, size: 4050 MB, Compressed Oops mode: Zero based, Oop shift amount: 3

CDS archive(s) mapped at: [0x0000000800000000-0x0000000800ba0000-0x0000000800ba0000), size 12189696, SharedBaseAddress: 0x0000000800000000, ArchiveRelocationMode: 0.
Compressed class space mapped at: 0x0000000800c00000-0x0000000840c00000, reserved size: 1073741824
Narrow klass base: 0x0000000800000000, Narrow klass shift: 0, Narrow klass range: 0x100000000

GC Precious Log:
 CardTable entry size: 512
 Card Set container configuration: InlinePtr #cards 4 size 8 Array Of Cards #cards 16 size 48 Howl #buckets 8 coarsen threshold 3686 Howl Bitmap #cards 512 size 80 coarsen threshold 460 Card regions per heap region 1 cards per card region 4096
 CPUs: 12 total, 12 available
 Memory: 16196M
 Large Page Support: Disabled
 NUMA Support: Disabled
 Compressed Oops: Enabled (Zero based)
 Heap Region Size: 2M
 Heap Min Capacity: 8M
 Heap Initial Capacity: 254M
 Heap Max Capacity: 4050M
 Pre-touch: Disabled
 Parallel Workers: 10
 Concurrent Workers: 3
 Concurrent Refinement Workers: 10
 Periodic GC: Disabled

Heap:
 garbage-first heap   total 260096K, used 4096K [0x0000000702e00000, 0x0000000800000000)
  region size 2048K, 3 young (6144K), 0 survivors (0K)
 Metaspace       used 2600K, committed 2752K, reserved 1114112K
  class space    used 239K, committed 320K, reserved 1048576K

Heap Regions: E=young(eden), S=young(survivor), O=old, HS=humongous(starts), HC=humongous(continues), CS=collection set, F=free, OA=open archive, CA=closed archive, TAMS=top-at-mark-start (previous, next)
|   0|0x0000000702e00000, 0x0000000702e00000, 0x0000000703000000|  0%| F|  |TAMS 0x0000000702e00000, 0x0000000702e00000| Untracked 
|   1|0x0000000703000000, 0x0000000703000000, 0x0000000703200000|  0%| F|  |TAMS 0x0000000703000000, 0x0000000703000000| Untracked 
|   2|0x0000000703200000, 0x0000000703200000, 0x0000000703400000|  0%| F|  |TAMS 0x0000000703200000, 0x0000000703200000| Untracked 
|   3|0x0000000703400000, 0x0000000703400000, 0x0000000703600000|  0%| F|  |TAMS 0x0000000703400000, 0x0000000703400000| Untracked 
|   4|0x0000000703600000, 0x0000000703600000, 0x0000000703800000|  0%| F|  |TAMS 0x0000000703600000, 0x0000000703600000| Untracked 
|   5|0x0000000703800000, 0x0000000703800000, 0x0000000703a00000|  0%| F|  |TAMS 0x0000000703800000, 0x0000000703800000| Untracked 
|   6|0x0000000703a00000, 0x0000000703a00000, 0x0000000703c00000|  0%| F|  |TAMS 0x0000000703a00000, 0x0000000703a00000| Untracked 
|   7|0x0000000703c00000, 0x0000000703c00000, 0x0000000703e00000|  0%| F|  |TAMS 0x0000000703c00000, 0x0000000703c00000| Untracked 
|   8|0x0000000703e00000, 0x0000000703e00000, 0x0000000704000000|  0%| F|  |TAMS 0x0000000703e00000, 0x0000000703e00000| Untracked 
|   9|0x0000000704000000, 0x0000000704000000, 0x0000000704200000|  0%| F|  |TAMS 0x0000000704000000, 0x0000000704000000| Untracked 
|  10|0x0000000704200000, 0x0000000704200000, 0x0000000704400000|  0%| F|  |TAMS 0x0000000704200000, 0x0000000704200000| Untracked 
|  11|0x0000000704400000, 0x0000000704400000, 0x0000000704600000|  0%| F|  |TAMS 0x0000000704400000, 0x0000000704400000| Untracked 
|  12|0x0000000704600000, 0x0000000704600000, 0x0000000704800000|  0%| F|  |TAMS 0x0000000704600000, 0x0000000704600000| Untracked 
|  13|0x0000000704800000, 0x0000000704800000, 0x0000000704a00000|  0%| F|  |TAMS 0x0000000704800000, 0x0000000704800000| Untracked 
|  14|0x0000000704a00000, 0x0000000704a00000, 0x0000000704c00000|  0%| F|  |TAMS 0x0000000704a00000, 0x0000000704a00000| Untracked 
|  15|0x0000000704c00000, 0x0000000704c00000, 0x0000000704e00000|  0%| F|  |TAMS 0x0000000704c00000, 0x0000000704c00000| Untracked 
|  16|0x0000000704e00000, 0x0000000704e00000, 0x0000000705000000|  0%| F|  |TAMS 0x0000000704e00000, 0x0000000704e00000| Untracked 
|  17|0x0000000705000000, 0x0000000705000000, 0x0000000705200000|  0%| F|  |TAMS 0x0000000705000000, 0x0000000705000000| Untracked 
|  18|0x0000000705200000, 0x0000000705200000, 0x0000000705400000|  0%| F|  |TAMS 0x0000000705200000, 0x0000000705200000| Untracked 
|  19|0x0000000705400000, 0x0000000705400000, 0x0000000705600000|  0%| F|  |TAMS 0x0000000705400000, 0x0000000705400000| Untracked 
|  20|0x0000000705600000, 0x0000000705600000, 0x0000000705800000|  0%| F|  |TAMS 0x0000000705600000, 0x0000000705600000| Untracked 
|  21|0x0000000705800000, 0x0000000705800000, 0x0000000705a00000|  0%| F|  |TAMS 0x0000000705800000, 0x0000000705800000| Untracked 
|  22|0x0000000705a00000, 0x0000000705a00000, 0x0000000705c00000|  0%| F|  |TAMS 0x0000000705a00000, 0x0000000705a00000| Untracked 
|  23|0x0000000705c00000, 0x0000000705c00000, 0x0000000705e00000|  0%| F|  |TAMS 0x0000000705c00000, 0x0000000705c00000| Untracked 
|  24|0x0000000705e00000, 0x0000000705e00000, 0x0000000706000000|  0%| F|  |TAMS 0x0000000705e00000, 0x0000000705e00000| Untracked 
|  25|0x0000000706000000, 0x0000000706000000, 0x0000000706200000|  0%| F|  |TAMS 0x0000000706000000, 0x0000000706000000| Untracked 
|  26|0x0000000706200000, 0x0000000706200000, 0x0000000706400000|  0%| F|  |TAMS 0x0000000706200000, 0x0000000706200000| Untracked 
|  27|0x0000000706400000, 0x0000000706400000, 0x0000000706600000|  0%| F|  |TAMS 0x0000000706400000, 0x0000000706400000| Untracked 
|  28|0x0000000706600000, 0x0000000706600000, 0x0000000706800000|  0%| F|  |TAMS 0x0000000706600000, 0x0000000706600000| Untracked 
|  29|0x0000000706800000, 0x0000000706800000, 0x0000000706a00000|  0%| F|  |TAMS 0x0000000706800000, 0x0000000706800000| Untracked 
|  30|0x0000000706a00000, 0x0000000706a00000, 0x0000000706c00000|  0%| F|  |TAMS 0x0000000706a00000, 0x0000000706a00000| Untracked 
|  31|0x0000000706c00000, 0x0000000706c00000, 0x0000000706e00000|  0%| F|  |TAMS 0x0000000706c00000, 0x0000000706c00000| Untracked 
|  32|0x0000000706e00000, 0x0000000706e00000, 0x0000000707000000|  0%| F|  |TAMS 0x0000000706e00000, 0x0000000706e00000| Untracked 
|  33|0x0000000707000000, 0x0000000707000000, 0x0000000707200000|  0%| F|  |TAMS 0x0000000707000000, 0x0000000707000000| Untracked 
|  34|0x0000000707200000, 0x0000000707200000, 0x0000000707400000|  0%| F|  |TAMS 0x0000000707200000, 0x0000000707200000| Untracked 
|  35|0x0000000707400000, 0x0000000707400000, 0x0000000707600000|  0%| F|  |TAMS 0x0000000707400000, 0x0000000707400000| Untracked 
|  36|0x0000000707600000, 0x0000000707600000, 0x0000000707800000|  0%| F|  |TAMS 0x0000000707600000, 0x0000000707600000| Untracked 
|  37|0x0000000707800000, 0x0000000707800000, 0x0000000707a00000|  0%| F|  |TAMS 0x0000000707800000, 0x0000000707800000| Untracked 
|  38|0x0000000707a00000, 0x0000000707a00000, 0x0000000707c00000|  0%| F|  |TAMS 0x0000000707a00000, 0x0000000707a00000| Untracked 
|  39|0x0000000707c00000, 0x0000000707c00000, 0x0000000707e00000|  0%| F|  |TAMS 0x0000000707c00000, 0x0000000707c00000| Untracked 
|  40|0x0000000707e00000, 0x0000000707e00000, 0x0000000708000000|  0%| F|  |TAMS 0x0000000707e00000, 0x0000000707e00000| Untracked 
|  41|0x0000000708000000, 0x0000000708000000, 0x0000000708200000|  0%| F|  |TAMS 0x0000000708000000, 0x0000000708000000| Untracked 
|  42|0x0000000708200000, 0x0000000708200000, 0x0000000708400000|  0%| F|  |TAMS 0x0000000708200000, 0x0000000708200000| Untracked 
|  43|0x0000000708400000, 0x0000000708400000, 0x0000000708600000|  0%| F|  |TAMS 0x0000000708400000, 0x0000000708400000| Untracked 
|  44|0x0000000708600000, 0x0000000708600000, 0x0000000708800000|  0%| F|  |TAMS 0x0000000708600000, 0x0000000708600000| Untracked 
|  45|0x0000000708800000, 0x0000000708800000, 0x0000000708a00000|  0%| F|  |TAMS 0x0000000708800000, 0x0000000708800000| Untracked 
|  46|0x0000000708a00000, 0x0000000708a00000, 0x0000000708c00000|  0%| F|  |TAMS 0x0000000708a00000, 0x0000000708a00000| Untracked 
|  47|0x0000000708c00000, 0x0000000708c00000, 0x0000000708e00000|  0%| F|  |TAMS 0x0000000708c00000, 0x0000000708c00000| Untracked 
|  48|0x0000000708e00000, 0x0000000708e00000, 0x0000000709000000|  0%| F|  |TAMS 0x0000000708e00000, 0x0000000708e00000| Untracked 
|  49|0x0000000709000000, 0x0000000709000000, 0x0000000709200000|  0%| F|  |TAMS 0x0000000709000000, 0x0000000709000000| Untracked 
|  50|0x0000000709200000, 0x0000000709200000, 0x0000000709400000|  0%| F|  |TAMS 0x0000000709200000, 0x0000000709200000| Untracked 
|  51|0x0000000709400000, 0x0000000709400000, 0x0000000709600000|  0%| F|  |TAMS 0x0000000709400000, 0x0000000709400000| Untracked 
|  52|0x0000000709600000, 0x0000000709600000, 0x0000000709800000|  0%| F|  |TAMS 0x0000000709600000, 0x0000000709600000| Untracked 
|  53|0x0000000709800000, 0x0000000709800000, 0x0000000709a00000|  0%| F|  |TAMS 0x0000000709800000, 0x0000000709800000| Untracked 
|  54|0x0000000709a00000, 0x0000000709a00000, 0x0000000709c00000|  0%| F|  |TAMS 0x0000000709a00000, 0x0000000709a00000| Untracked 
|  55|0x0000000709c00000, 0x0000000709c00000, 0x0000000709e00000|  0%| F|  |TAMS 0x0000000709c00000, 0x0000000709c00000| Untracked 
|  56|0x0000000709e00000, 0x0000000709e00000, 0x000000070a000000|  0%| F|  |TAMS 0x0000000709e00000, 0x0000000709e00000| Untracked 
|  57|0x000000070a000000, 0x000000070a000000, 0x000000070a200000|  0%| F|  |TAMS 0x000000070a000000, 0x000000070a000000| Untracked 
|  58|0x000000070a200000, 0x000000070a200000, 0x000000070a400000|  0%| F|  |TAMS 0x000000070a200000, 0x000000070a200000| Untracked 
|  59|0x000000070a400000, 0x000000070a400000, 0x000000070a600000|  0%| F|  |TAMS 0x000000070a400000, 0x000000070a400000| Untracked 
|  60|0x000000070a600000, 0x000000070a600000, 0x000000070a800000|  0%| F|  |TAMS 0x000000070a600000, 0x000000070a600000| Untracked 
|  61|0x000000070a800000, 0x000000070a800000, 0x000000070aa00000|  0%| F|  |TAMS 0x000000070a800000, 0x000000070a800000| Untracked 
|  62|0x000000070aa00000, 0x000000070aa00000, 0x000000070ac00000|  0%| F|  |TAMS 0x000000070aa00000, 0x000000070aa00000| Untracked 
|  63|0x000000070ac00000, 0x000000070ac00000, 0x000000070ae00000|  0%| F|  |TAMS 0x000000070ac00000, 0x000000070ac00000| Untracked 
|  64|0x000000070ae00000, 0x000000070ae00000, 0x000000070b000000|  0%| F|  |TAMS 0x000000070ae00000, 0x000000070ae00000| Untracked 
|  65|0x000000070b000000, 0x000000070b000000, 0x000000070b200000|  0%| F|  |TAMS 0x000000070b000000, 0x000000070b000000| Untracked 
|  66|0x000000070b200000, 0x000000070b200000, 0x000000070b400000|  0%| F|  |TAMS 0x000000070b200000, 0x000000070b200000| Untracked 
|  67|0x000000070b400000, 0x000000070b400000, 0x000000070b600000|  0%| F|  |TAMS 0x000000070b400000, 0x000000070b400000| Untracked 
|  68|0x000000070b600000, 0x000000070b600000, 0x000000070b800000|  0%| F|  |TAMS 0x000000070b600000, 0x000000070b600000| Untracked 
|  69|0x000000070b800000, 0x000000070b800000, 0x000000070ba00000|  0%| F|  |TAMS 0x000000070b800000, 0x000000070b800000| Untracked 
|  70|0x000000070ba00000, 0x000000070ba00000, 0x000000070bc00000|  0%| F|  |TAMS 0x000000070ba00000, 0x000000070ba00000| Untracked 
|  71|0x000000070bc00000, 0x000000070bc00000, 0x000000070be00000|  0%| F|  |TAMS 0x000000070bc00000, 0x000000070bc00000| Untracked 
|  72|0x000000070be00000, 0x000000070be00000, 0x000000070c000000|  0%| F|  |TAMS 0x000000070be00000, 0x000000070be00000| Untracked 
|  73|0x000000070c000000, 0x000000070c000000, 0x000000070c200000|  0%| F|  |TAMS 0x000000070c000000, 0x000000070c000000| Untracked 
|  74|0x000000070c200000, 0x000000070c200000, 0x000000070c400000|  0%| F|  |TAMS 0x000000070c200000, 0x000000070c200000| Untracked 
|  75|0x000000070c400000, 0x000000070c400000, 0x000000070c600000|  0%| F|  |TAMS 0x000000070c400000, 0x000000070c400000| Untracked 
|  76|0x000000070c600000, 0x000000070c600000, 0x000000070c800000|  0%| F|  |TAMS 0x000000070c600000, 0x000000070c600000| Untracked 
|  77|0x000000070c800000, 0x000000070c800000, 0x000000070ca00000|  0%| F|  |TAMS 0x000000070c800000, 0x000000070c800000| Untracked 
|  78|0x000000070ca00000, 0x000000070ca00000, 0x000000070cc00000|  0%| F|  |TAMS 0x000000070ca00000, 0x000000070ca00000| Untracked 
|  79|0x000000070cc00000, 0x000000070cc00000, 0x000000070ce00000|  0%| F|  |TAMS 0x000000070cc00000, 0x000000070cc00000| Untracked 
|  80|0x000000070ce00000, 0x000000070ce00000, 0x000000070d000000|  0%| F|  |TAMS 0x000000070ce00000, 0x000000070ce00000| Untracked 
|  81|0x000000070d000000, 0x000000070d000000, 0x000000070d200000|  0%| F|  |TAMS 0x000000070d000000, 0x000000070d000000| Untracked 
|  82|0x000000070d200000, 0x000000070d200000, 0x000000070d400000|  0%| F|  |TAMS 0x000000070d200000, 0x000000070d200000| Untracked 
|  83|0x000000070d400000, 0x000000070d400000, 0x000000070d600000|  0%| F|  |TAMS 0x000000070d400000, 0x000000070d400000| Untracked 
|  84|0x000000070d600000, 0x000000070d600000, 0x000000070d800000|  0%| F|  |TAMS 0x000000070d600000, 0x000000070d600000| Untracked 
|  85|0x000000070d800000, 0x000000070d800000, 0x000000070da00000|  0%| F|  |TAMS 0x000000070d800000, 0x000000070d800000| Untracked 
|  86|0x000000070da00000, 0x000000070da00000, 0x000000070dc00000|  0%| F|  |TAMS 0x000000070da00000, 0x000000070da00000| Untracked 
|  87|0x000000070dc00000, 0x000000070dc00000, 0x000000070de00000|  0%| F|  |TAMS 0x000000070dc00000, 0x000000070dc00000| Untracked 
|  88|0x000000070de00000, 0x000000070de00000, 0x000000070e000000|  0%| F|  |TAMS 0x000000070de00000, 0x000000070de00000| Untracked 
|  89|0x000000070e000000, 0x000000070e000000, 0x000000070e200000|  0%| F|  |TAMS 0x000000070e000000, 0x000000070e000000| Untracked 
|  90|0x000000070e200000, 0x000000070e200000, 0x000000070e400000|  0%| F|  |TAMS 0x000000070e200000, 0x000000070e200000| Untracked 
|  91|0x000000070e400000, 0x000000070e400000, 0x000000070e600000|  0%| F|  |TAMS 0x000000070e400000, 0x000000070e400000| Untracked 
|  92|0x000000070e600000, 0x000000070e600000, 0x000000070e800000|  0%| F|  |TAMS 0x000000070e600000, 0x000000070e600000| Untracked 
|  93|0x000000070e800000, 0x000000070e800000, 0x000000070ea00000|  0%| F|  |TAMS 0x000000070e800000, 0x000000070e800000| Untracked 
|  94|0x000000070ea00000, 0x000000070ea00000, 0x000000070ec00000|  0%| F|  |TAMS 0x000000070ea00000, 0x000000070ea00000| Untracked 
|  95|0x000000070ec00000, 0x000000070ec00000, 0x000000070ee00000|  0%| F|  |TAMS 0x000000070ec00000, 0x000000070ec00000| Untracked 
|  96|0x000000070ee00000, 0x000000070ee00000, 0x000000070f000000|  0%| F|  |TAMS 0x000000070ee00000, 0x000000070ee00000| Untracked 
|  97|0x000000070f000000, 0x000000070f000000, 0x000000070f200000|  0%| F|  |TAMS 0x000000070f000000, 0x000000070f000000| Untracked 
|  98|0x000000070f200000, 0x000000070f200000, 0x000000070f400000|  0%| F|  |TAMS 0x000000070f200000, 0x000000070f200000| Untracked 
|  99|0x000000070f400000, 0x000000070f400000, 0x000000070f600000|  0%| F|  |TAMS 0x000000070f400000, 0x000000070f400000| Untracked 
| 100|0x000000070f600000, 0x000000070f600000, 0x000000070f800000|  0%| F|  |TAMS 0x000000070f600000, 0x000000070f600000| Untracked 
| 101|0x000000070f800000, 0x000000070f800000, 0x000000070fa00000|  0%| F|  |TAMS 0x000000070f800000, 0x000000070f800000| Untracked 
| 102|0x000000070fa00000, 0x000000070fa00000, 0x000000070fc00000|  0%| F|  |TAMS 0x000000070fa00000, 0x000000070fa00000| Untracked 
| 103|0x000000070fc00000, 0x000000070fc00000, 0x000000070fe00000|  0%| F|  |TAMS 0x000000070fc00000, 0x000000070fc00000| Untracked 
| 104|0x000000070fe00000, 0x000000070fe00000, 0x0000000710000000|  0%| F|  |TAMS 0x000000070fe00000, 0x000000070fe00000| Untracked 
| 105|0x0000000710000000, 0x0000000710000000, 0x0000000710200000|  0%| F|  |TAMS 0x0000000710000000, 0x0000000710000000| Untracked 
| 106|0x0000000710200000, 0x0000000710200000, 0x0000000710400000|  0%| F|  |TAMS 0x0000000710200000, 0x0000000710200000| Untracked 
| 107|0x0000000710400000, 0x0000000710400000, 0x0000000710600000|  0%| F|  |TAMS 0x0000000710400000, 0x0000000710400000| Untracked 
| 108|0x0000000710600000, 0x0000000710600000, 0x0000000710800000|  0%| F|  |TAMS 0x0000000710600000, 0x0000000710600000| Untracked 
| 109|0x0000000710800000, 0x0000000710800000, 0x0000000710a00000|  0%| F|  |TAMS 0x0000000710800000, 0x0000000710800000| Untracked 
| 110|0x0000000710a00000, 0x0000000710a00000, 0x0000000710c00000|  0%| F|  |TAMS 0x0000000710a00000, 0x0000000710a00000| Untracked 
| 111|0x0000000710c00000, 0x0000000710c00000, 0x0000000710e00000|  0%| F|  |TAMS 0x0000000710c00000, 0x0000000710c00000| Untracked 
| 112|0x0000000710e00000, 0x0000000710e00000, 0x0000000711000000|  0%| F|  |TAMS 0x0000000710e00000, 0x0000000710e00000| Untracked 
| 113|0x0000000711000000, 0x0000000711000000, 0x0000000711200000|  0%| F|  |TAMS 0x0000000711000000, 0x0000000711000000| Untracked 
| 114|0x0000000711200000, 0x0000000711200000, 0x0000000711400000|  0%| F|  |TAMS 0x0000000711200000, 0x0000000711200000| Untracked 
| 115|0x0000000711400000, 0x0000000711400000, 0x0000000711600000|  0%| F|  |TAMS 0x0000000711400000, 0x0000000711400000| Untracked 
| 116|0x0000000711600000, 0x0000000711600000, 0x0000000711800000|  0%| F|  |TAMS 0x0000000711600000, 0x0000000711600000| Untracked 
| 117|0x0000000711800000, 0x0000000711800000, 0x0000000711a00000|  0%| F|  |TAMS 0x0000000711800000, 0x0000000711800000| Untracked 
| 118|0x0000000711a00000, 0x0000000711a00000, 0x0000000711c00000|  0%| F|  |TAMS 0x0000000711a00000, 0x0000000711a00000| Untracked 
| 119|0x0000000711c00000, 0x0000000711c00000, 0x0000000711e00000|  0%| F|  |TAMS 0x0000000711c00000, 0x0000000711c00000| Untracked 
| 120|0x0000000711e00000, 0x0000000711e00000, 0x0000000712000000|  0%| F|  |TAMS 0x0000000711e00000, 0x0000000711e00000| Untracked 
| 121|0x0000000712000000, 0x0000000712000000, 0x0000000712200000|  0%| F|  |TAMS 0x0000000712000000, 0x0000000712000000| Untracked 
| 122|0x0000000712200000, 0x0000000712200000, 0x0000000712400000|  0%| F|  |TAMS 0x0000000712200000, 0x0000000712200000| Untracked 
| 123|0x0000000712400000, 0x0000000712400000, 0x0000000712600000|  0%| F|  |TAMS 0x0000000712400000, 0x0000000712400000| Untracked 
| 124|0x0000000712600000, 0x0000000712752c18, 0x0000000712800000| 66%| E|  |TAMS 0x0000000712600000, 0x0000000712600000| Complete 
| 125|0x0000000712800000, 0x0000000712a00000, 0x0000000712a00000|100%| E|CS|TAMS 0x0000000712800000, 0x0000000712800000| Complete 
| 126|0x0000000712a00000, 0x0000000712c00000, 0x0000000712c00000|100%| E|CS|TAMS 0x0000000712a00000, 0x0000000712a00000| Complete 

Card table byte_map: [0x0000025cce090000,0x0000025cce880000] _byte_map_base: 0x0000025cca879000

Marking Bits (Prev, Next): (CMBitMap*) 0x0000025cb6a863e0, (CMBitMap*) 0x0000025cb6a86420
 Prev Bits: [0x0000025ccf070000, 0x0000025cd2fb8000)
 Next Bits: [0x0000025cd2fc0000, 0x0000025cd6f08000)

Polling page: 0x0000025cb48a0000

Metaspace:

Usage:
  Non-class:      2.31 MB used.
      Class:    239.16 KB used.
       Both:      2.54 MB used.

Virtual space:
  Non-class space:       64.00 MB reserved,       2.38 MB (  4%) committed,  1 nodes.
      Class space:        1.00 GB reserved,     320.00 KB ( <1%) committed,  1 nodes.
             Both:        1.06 GB reserved,       2.69 MB ( <1%) committed. 

Chunk freelists:
   Non-Class:  2.95 MB
       Class:  3.60 MB
        Both:  6.55 MB

MaxMetaspaceSize: unlimited
CompressedClassSpaceSize: 1.00 GB
Initial GC threshold: 21.00 MB
Current GC threshold: 21.00 MB
CDS: on
MetaspaceReclaimPolicy: balanced
 - commit_granule_bytes: 65536.
 - commit_granule_words: 8192.
 - virtual_space_node_default_size: 8388608.
 - enlarge_chunks_in_place: 1.
 - new_chunks_are_fully_committed: 0.
 - uncommit_free_chunks: 1.
 - use_allocation_guard: 0.


Internal statistics:

num_allocs_failed_limit: 0.
num_arena_births: 56.
num_arena_deaths: 0.
num_vsnodes_births: 2.
num_vsnodes_deaths: 0.
num_space_committed: 43.
num_space_uncommitted: 0.
num_chunks_returned_to_freelist: 0.
num_chunks_taken_from_freelist: 107.
num_chunk_merges: 0.
num_chunk_splits: 77.
num_chunks_enlarged: 62.
num_inconsistent_stats: 0.

CodeHeap 'non-profiled nmethods': size=120000Kb used=119Kb max_used=119Kb free=119880Kb
 bounds [0x0000025cc5e20000, 0x0000025cc6090000, 0x0000025ccd350000]
CodeHeap 'profiled nmethods': size=120000Kb used=784Kb max_used=784Kb free=119215Kb
 bounds [0x0000025cbe8f0000, 0x0000025cbeb60000, 0x0000025cc5e20000]
CodeHeap 'non-nmethods': size=5760Kb used=1271Kb max_used=1286Kb free=4488Kb
 bounds [0x0000025cbe350000, 0x0000025cbe5c0000, 0x0000025cbe8f0000]
 total_blobs=1066 nmethods=479 adapters=500
 compilation: enabled
              stopped_count=0, restarted_count=0
 full_count=0

Compilation events (20 events):
Event: 0.186 Thread 0x0000025cd9b3e360  465       1       java.lang.invoke.MethodTypeForm::erasedType (5 bytes)
Event: 0.186 Thread 0x0000025cd9b3e360 nmethod 465 0x0000025cc5e3b510 code [0x0000025cc5e3b6a0, 0x0000025cc5e3b778]
Event: 0.186 Thread 0x0000025cd9b3e360  467       3       java.lang.invoke.MethodType::parameterSlotCount (8 bytes)
Event: 0.186 Thread 0x0000025cd9b3e360 nmethod 467 0x0000025cbe9acf10 code [0x0000025cbe9ad0a0, 0x0000025cbe9ad1d8]
Event: 0.186 Thread 0x0000025cd9b3e360  470       3       java.lang.invoke.LambdaForm::forceInterpretation (14 bytes)
Event: 0.187 Thread 0x0000025cd9b3e360 nmethod 470 0x0000025cbe9ad290 code [0x0000025cbe9ad420, 0x0000025cbe9ad598]
Event: 0.187 Thread 0x0000025cd9b3e360  471       1       java.lang.invoke.LambdaForm$Name::type (5 bytes)
Event: 0.187 Thread 0x0000025cd9b3e360 nmethod 471 0x0000025cc5e3be10 code [0x0000025cc5e3bfa0, 0x0000025cc5e3c078]
Event: 0.187 Thread 0x0000025cd9b3e360  472       3       jdk.internal.org.objectweb.asm.Frame::getLocal (46 bytes)
Event: 0.187 Thread 0x0000025cd9b3e360 nmethod 472 0x0000025cbe9ad610 code [0x0000025cbe9ad7c0, 0x0000025cbe9ad9f8]
Event: 0.187 Thread 0x0000025cd9b3e360  473       3       jdk.internal.org.objectweb.asm.Type::getArgumentsAndReturnSizes (140 bytes)
Event: 0.188 Thread 0x0000025cd9b3d930 nmethod 437 0x0000025cc5e3c710 code [0x0000025cc5e3c8a0, 0x0000025cc5e3ce58]
Event: 0.188 Thread 0x0000025cd9b3d930  477       4       jdk.internal.org.objectweb.asm.ByteVector::putUTF8 (144 bytes)
Event: 0.188 Thread 0x0000025cd9b3e360 nmethod 473 0x0000025cbe9adb10 code [0x0000025cbe9adee0, 0x0000025cbe9afd38]
Event: 0.188 Thread 0x0000025cd9b3e360  474       3       jdk.internal.org.objectweb.asm.Frame::getAbstractTypeFromDescriptor (415 bytes)
Event: 0.189 Thread 0x0000025cd9b3e360 nmethod 474 0x0000025cbe9b0890 code [0x0000025cbe9b0c20, 0x0000025cbe9b27f8]
Event: 0.189 Thread 0x0000025cd9b3e360  478       3       java.util.ImmutableCollections$List12::get (35 bytes)
Event: 0.189 Thread 0x0000025cd9b3e360 nmethod 478 0x0000025cbe9b3110 code [0x0000025cbe9b32c0, 0x0000025cbe9b3588]
Event: 0.189 Thread 0x0000025cd9b3e360  479       3       java.lang.invoke.MethodHandle::<init> (37 bytes)
Event: 0.189 Thread 0x0000025cd9b3e360 nmethod 479 0x0000025cbe9b3690 code [0x0000025cbe9b38a0, 0x0000025cbe9b3e38]

GC Heap History (0 events):
No events

Deoptimization events (4 events):
Event: 0.130 Thread 0x0000025cb6a16b60 DEOPT PACKING pc=0x0000025cbe906e67 sp=0x00000067874fa620
Event: 0.130 Thread 0x0000025cb6a16b60 DEOPT UNPACKING pc=0x0000025cbe3a2b43 sp=0x00000067874f9a40 mode 0
Event: 0.164 Thread 0x0000025cb6a16b60 DEOPT PACKING pc=0x0000025cbe9404e5 sp=0x00000067874f9620
Event: 0.164 Thread 0x0000025cb6a16b60 DEOPT UNPACKING pc=0x0000025cbe3a2b43 sp=0x00000067874f8a70 mode 0

Classes loaded (20 events):
Event: 0.180 Loading class java/lang/WeakPairMap$Pair$Weak$1
Event: 0.180 Loading class java/lang/WeakPairMap$Pair$Weak$1 done
Event: 0.180 Loading class java/lang/reflect/ProxyGenerator
Event: 0.181 Loading class java/lang/reflect/ProxyGenerator done
Event: 0.181 Loading class java/lang/reflect/ProxyGenerator$ProxyMethod
Event: 0.181 Loading class java/lang/reflect/ProxyGenerator$ProxyMethod done
Event: 0.181 Loading class java/lang/InterruptedException
Event: 0.181 Loading class java/lang/InterruptedException done
Event: 0.182 Loading class java/lang/reflect/ProxyGenerator$PrimitiveTypeInfo
Event: 0.182 Loading class java/lang/reflect/ProxyGenerator$PrimitiveTypeInfo done
Event: 0.182 Loading class jdk/internal/org/objectweb/asm/Edge
Event: 0.182 Loading class jdk/internal/org/objectweb/asm/Edge done
Event: 0.183 Loading class java/lang/reflect/Proxy$ProxyBuilder$1
Event: 0.183 Loading class java/lang/reflect/Proxy$ProxyBuilder$1 done
Event: 0.185 Loading class jdk/internal/reflect/MethodHandleBooleanFieldAccessorImpl
Event: 0.185 Loading class jdk/internal/reflect/MethodHandleBooleanFieldAccessorImpl done
Event: 0.186 Loading class jdk/internal/math/FloatingDecimal$ASCIIToBinaryBuffer
Event: 0.186 Loading class jdk/internal/math/FloatingDecimal$ASCIIToBinaryBuffer done
Event: 0.186 Loading class jdk/internal/reflect/MethodHandleFloatFieldAccessorImpl
Event: 0.186 Loading class jdk/internal/reflect/MethodHandleFloatFieldAccessorImpl done

Classes unloaded (0 events):
No events

Classes redefined (0 events):
No events

Internal exceptions (6 events):
Event: 0.063 Thread 0x0000025cb6a16b60 Exception <a 'sun/nio/fs/WindowsException'{0x0000000712818108}> (0x0000000712818108) 
thrown [s\open\src\hotspot\share\prims\jni.cpp, line 516]
Event: 0.171 Thread 0x0000025cb6a16b60 Exception <a 'java/lang/NoSuchMethodError'{0x00000007126a2da0}: 'int java.lang.invoke.DirectMethodHandle$Holder.invokeSpecial(java.lang.Object, java.lang.Object, java.lang.Object)'> (0x00000007126a2da0) 
thrown [s\open\src\hotspot\share\interpreter\linkResolver.cpp, line 759]
Event: 0.173 Thread 0x0000025cb6a16b60 Exception <a 'java/lang/NoSuchMethodError'{0x00000007126b33b8}: 'void java.lang.invoke.DelegatingMethodHandle$Holder.reinvoke_L(java.lang.Object, java.lang.Object, int)'> (0x00000007126b33b8) 
thrown [s\open\src\hotspot\share\interpreter\linkResolver.cpp, line 759]
Event: 0.175 Thread 0x0000025cb6a16b60 Exception <a 'java/lang/NoSuchMethodError'{0x00000007126cb638}: 'void java.lang.invoke.Invokers$Holder.invokeExact_MT(java.lang.Object, java.lang.Object, java.lang.Object, java.lang.Object)'> (0x00000007126cb638) 
thrown [s\open\src\hotspot\share\interpreter\linkResolver.cpp, line 759]
Event: 0.187 Thread 0x0000025cb6a16b60 Exception <a 'java/lang/NoSuchMethodError'{0x0000000712728c58}: 'float java.lang.invoke.DelegatingMethodHandle$Holder.reinvoke_L(java.lang.Object, java.lang.Object)'> (0x0000000712728c58) 
thrown [s\open\src\hotspot\share\interpreter\linkResolver.cpp, line 759]
Event: 0.187 Thread 0x0000025cb6a16b60 Exception <a 'java/lang/NoSuchMethodError'{0x00000007127334a0}: 'void java.lang.invoke.DelegatingMethodHandle$Holder.reinvoke_L(java.lang.Object, java.lang.Object, float)'> (0x00000007127334a0) 
thrown [s\open\src\hotspot\share\interpreter\linkResolver.cpp, line 759]

VM Operations (2 events):
Event: 0.049 Executing VM operation: HandshakeAllThreads
Event: 0.049 Executing VM operation: HandshakeAllThreads done

Events (19 events):
Event: 0.004 Loaded shared library C:\Program Files\Java\jdk-18.0.2.1\bin\java.dll
Event: 0.010 Loaded shared library C:\Program Files\Java\jdk-18.0.2.1\bin\jsvml.dll
Event: 0.010 Thread 0x0000025cb6a16b60 Thread added: 0x0000025cb6a16b60
Event: 0.011 Thread 0x0000025cd9b1b9d0 Thread added: 0x0000025cd9b1b9d0
Event: 0.012 Thread 0x0000025cd9b1d640 Thread added: 0x0000025cd9b1d640
Event: 0.019 Thread 0x0000025cd9b3b340 Thread added: 0x0000025cd9b3b340
Event: 0.019 Thread 0x0000025cd9b3bbf0 Thread added: 0x0000025cd9b3bbf0
Event: 0.019 Thread 0x0000025cd9b3c4a0 Thread added: 0x0000025cd9b3c4a0
Event: 0.019 Thread 0x0000025cd9b3cd50 Thread added: 0x0000025cd9b3cd50
Event: 0.019 Thread 0x0000025cd9b3d930 Thread added: 0x0000025cd9b3d930
Event: 0.019 Thread 0x0000025cd9b3e360 Thread added: 0x0000025cd9b3e360
Event: 0.019 Thread 0x0000025cd9b40c60 Thread added: 0x0000025cd9b40c60
Event: 0.038 Thread 0x0000025cdddc4d40 Thread added: 0x0000025cdddc4d40
Event: 0.040 Thread 0x0000025cdddd1a60 Thread added: 0x0000025cdddd1a60
Event: 0.044 Loaded shared library C:\Program Files\Java\jdk-18.0.2.1\bin\net.dll
Event: 0.045 Loaded shared library C:\Program Files\Java\jdk-18.0.2.1\bin\nio.dll
Event: 0.048 Loaded shared library C:\Program Files\Java\jdk-18.0.2.1\bin\zip.dll
Event: 0.060 Loaded shared library C:\Program Files\Java\jdk-18.0.2.1\bin\jimage.dll
Event: 0.110 Loaded shared library C:\Users\Kirill\AppData\Local\Temp\imgui-java-natives_1675508026479\imgui-java64.dll


Dynamic libraries:
0x00007ff701840000 - 0x00007ff701850000 	C:\Program Files\Java\jdk-18.0.2.1\bin\java.exe
0x00007ffd8fe50000 - 0x00007ffd90048000 	C:\WINDOWS\SYSTEM32\ntdll.dll
0x00007ffd8e0e0000 - 0x00007ffd8e19f000 	C:\WINDOWS\System32\KERNEL32.DLL
0x00007ffd8d7a0000 - 0x00007ffd8da72000 	C:\WINDOWS\System32\KERNELBASE.dll
0x00007ffd8d6a0000 - 0x00007ffd8d7a0000 	C:\WINDOWS\System32\ucrtbase.dll
0x00007ffd7f870000 - 0x00007ffd7f888000 	C:\Program Files\Java\jdk-18.0.2.1\bin\jli.dll
0x00007ffd7f3c0000 - 0x00007ffd7f3da000 	C:\Program Files\Java\jdk-18.0.2.1\bin\VCRUNTIME140.dll
0x00007ffd8fbe0000 - 0x00007ffd8fc8e000 	C:\WINDOWS\System32\ADVAPI32.dll
0x00007ffd8fb40000 - 0x00007ffd8fbde000 	C:\WINDOWS\System32\msvcrt.dll
0x00007ffd8fd70000 - 0x00007ffd8fe0c000 	C:\WINDOWS\System32\sechost.dll
0x00007ffd8deb0000 - 0x00007ffd8dfd5000 	C:\WINDOWS\System32\RPCRT4.dll
0x00007ffd8f2d0000 - 0x00007ffd8f471000 	C:\WINDOWS\System32\USER32.dll
0x00007ffd8da80000 - 0x00007ffd8daa2000 	C:\WINDOWS\System32\win32u.dll
0x00007ffd772e0000 - 0x00007ffd7757a000 	C:\WINDOWS\WinSxS\amd64_microsoft.windows.common-controls_6595b64144ccf1df_6.0.19041.1110_none_60b5254171f9507e\COMCTL32.dll
0x00007ffd8dfe0000 - 0x00007ffd8e00b000 	C:\WINDOWS\System32\GDI32.dll
0x00007ffd8dab0000 - 0x00007ffd8dbbf000 	C:\WINDOWS\System32\gdi32full.dll
0x00007ffd8dda0000 - 0x00007ffd8de3d000 	C:\WINDOWS\System32\msvcp_win.dll
0x00007ffd87d90000 - 0x00007ffd87d9a000 	C:\WINDOWS\SYSTEM32\VERSION.dll
0x00007ffd8f160000 - 0x00007ffd8f192000 	C:\WINDOWS\System32\IMM32.DLL
0x00007ffd7f860000 - 0x00007ffd7f86c000 	C:\Program Files\Java\jdk-18.0.2.1\bin\vcruntime140_1.dll
0x00007ffd7f330000 - 0x00007ffd7f3bd000 	C:\Program Files\Java\jdk-18.0.2.1\bin\msvcp140.dll
0x00007ffd42850000 - 0x00007ffd43461000 	C:\Program Files\Java\jdk-18.0.2.1\bin\server\jvm.dll
0x00007ffd8fa80000 - 0x00007ffd8fa88000 	C:\WINDOWS\System32\PSAPI.DLL
0x00007ffd77690000 - 0x00007ffd776b7000 	C:\WINDOWS\SYSTEM32\WINMM.dll
0x00007ffd79f00000 - 0x00007ffd79f09000 	C:\WINDOWS\SYSTEM32\WSOCK32.dll
0x00007ffd8f990000 - 0x00007ffd8f9fb000 	C:\WINDOWS\System32\WS2_32.dll
0x00007ffd8b420000 - 0x00007ffd8b432000 	C:\WINDOWS\SYSTEM32\kernel.appcore.dll
0x00007ffd7f320000 - 0x00007ffd7f32a000 	C:\Program Files\Java\jdk-18.0.2.1\bin\jimage.dll
0x00007ffd7c5b0000 - 0x00007ffd7c794000 	C:\WINDOWS\SYSTEM32\DBGHELP.DLL
0x00007ffd7c560000 - 0x00007ffd7c595000 	C:\WINDOWS\SYSTEM32\dbgcore.DLL
0x00007ffd8dc30000 - 0x00007ffd8dcb2000 	C:\WINDOWS\System32\bcryptPrimitives.dll
0x00007ffd7e4b0000 - 0x00007ffd7e4d5000 	C:\Program Files\Java\jdk-18.0.2.1\bin\java.dll
0x00007ffd7e3d0000 - 0x00007ffd7e4a6000 	C:\Program Files\Java\jdk-18.0.2.1\bin\jsvml.dll
0x00007ffd8e9b0000 - 0x00007ffd8f0f4000 	C:\WINDOWS\System32\SHELL32.dll
0x00007ffd8b620000 - 0x00007ffd8bdb2000 	C:\WINDOWS\SYSTEM32\windows.storage.dll
0x00007ffd8f630000 - 0x00007ffd8f985000 	C:\WINDOWS\System32\combase.dll
0x00007ffd8cfa0000 - 0x00007ffd8cfd0000 	C:\WINDOWS\SYSTEM32\Wldp.dll
0x00007ffd8e900000 - 0x00007ffd8e9ad000 	C:\WINDOWS\System32\SHCORE.dll
0x00007ffd8e8a0000 - 0x00007ffd8e8f5000 	C:\WINDOWS\System32\shlwapi.dll
0x00007ffd8d480000 - 0x00007ffd8d49f000 	C:\WINDOWS\SYSTEM32\profapi.dll
0x00007ffd7f300000 - 0x00007ffd7f313000 	C:\Program Files\Java\jdk-18.0.2.1\bin\net.dll
0x00007ffd879a0000 - 0x00007ffd87aac000 	C:\WINDOWS\SYSTEM32\WINHTTP.dll
0x00007ffd8cc20000 - 0x00007ffd8cc8a000 	C:\WINDOWS\system32\mswsock.dll
0x00007ffd7e3b0000 - 0x00007ffd7e3c6000 	C:\Program Files\Java\jdk-18.0.2.1\bin\nio.dll
0x00007ffd7e390000 - 0x00007ffd7e3a8000 	C:\Program Files\Java\jdk-18.0.2.1\bin\zip.dll
0x0000000064a00000 - 0x000000006580b000 	C:\Users\Kirill\AppData\Local\Temp\imgui-java-natives_1675508026479\imgui-java64.dll

dbghelp: loaded successfully - version: 4.0.5 - missing functions: none
symbol engine: initialized successfully - sym options: 0x614 - pdb path: .;C:\Program Files\Java\jdk-18.0.2.1\bin;C:\WINDOWS\SYSTEM32;C:\WINDOWS\WinSxS\amd64_microsoft.windows.common-controls_6595b64144ccf1df_6.0.19041.1110_none_60b5254171f9507e;C:\Program Files\Java\jdk-18.0.2.1\bin\server;C:\Users\Kirill\AppData\Local\Temp\imgui-java-natives_1675508026479

VM Arguments:
jvm_args: -Dfile.encoding=windows-1251 -Duser.country=RU -Duser.language=ru -Duser.variant 
java_command: Main
java_class_path (initial): C:\_Files\Projects\Java\LogicGatesCreator\build\classes\java\main;C:\_Files\Projects\Java\LogicGatesCreator\build\resources\main;C:\Users\Kirill\.gradle\caches\modules-2\files-2.1\io.github.spair\imgui-java-app\1.86.0\6a24cc3f12c80106b0d3ae86de86d8f8a4f9d77c\imgui-java-app-1.86.0.jar;C:\Users\Kirill\.gradle\caches\modules-2\files-2.1\io.github.spair\imgui-java-lwjgl3\1.86.0\37d110d1c6ba91c9e49b3b2960cf2ab534fe5f7a\imgui-java-lwjgl3-1.86.0.jar;C:\Users\Kirill\.gradle\caches\modules-2\files-2.1\io.github.spair\imgui-java-binding\1.86.0\69655ac6cffae497b3e1d16240b003815a2b1e0d\imgui-java-binding-1.86.0.jar;C:\Users\Kirill\.gradle\caches\modules-2\files-2.1\io.github.spair\imgui-java-natives-windows\1.86.0\b9c0aa0ebf251dbebe0dd7c39499f95cbe03d88\imgui-java-natives-windows-1.86.0.jar;C:\Users\Kirill\.gradle\caches\modules-2\files-2.1\com.google.code.gson\gson\2.9.1\2cc2131b98ebfb04e2b2c7dfb84431f4045096b\gson-2.9.1.jar;C:\Users\Kirill\.gradle\caches\modules-2\files-2.1\org.lwjgl\lwjgl-assimp\3.3.0\82135e856184e76d38a97f729141298d3edcf0e4\lwjgl-assimp-3.3.0.jar;C:\Users\Kirill\.gradle\caches\modules-2\files-2.1\org.lwjgl\lwjgl-assimp\3.3.0\3256ea17d2f82e98a2e6464cb165a3af49ac5e36\lwjgl-assimp-3.3.0-natives-windows.jar;C:\Users\Kirill\.gradle\caches\modules-2\files-2.1\org.lwjgl\lwjgl-glfw\3.3.0\899e34f314525596f8fdb6476d3e56104da4601d\lwjgl-glfw-3.3.0.jar;C:\Users\Kirill\.gradle\caches\modules-2\files-2.1\org.lwjgl\lwjgl-glfw\3.3.0\b2d71cebdfecc512131879573e835211cb47b91f\lwjgl-glfw-3.3.0-natives-windows.jar;C:\Users\Kirill\.gradle\caches\modules-2\files-2.1\org.lwjgl\lwjgl-glfw\3.3.0\d710d7211b4060f738123a47dcc530329ecb0661\lwjgl-glfw-3.3.0-natives-linux.jar;C:\Users\Kirill\.gradle\caches\modules-2\files-2.1\org.lwjgl\lwjgl-glfw\3.3.0\98de70314a31417494c2308587193e371c844a8b\lwjgl-glfw-3.3.0-natives-macos.jar;C:\Users\Kirill\.gradle\caches\modules-2\files-2.1\org.lwjgl\lwjgl-nfd\3.3.0\6d0e4be3e2811979b3cad55f642c5b13559fa202\lwjgl-nfd-3.3.0.jar;C:\Users\Kirill\.gradle\caches\modules-2\files-2.1\org.lwjgl\lwjgl-nfd\3.3.0\eabaa0a7dcf9597d6a11c2d706431fd884dd84d9\lwjgl-nfd-3.3.0-natives-windows.jar;C:\Users\Kirill\.gradle\caches\modules-2\files-2.1\org.lwjgl\lwjgl-openal\3.3.0\902dd57b5a46e8a75ee843c2db61f80b4d130d48\lwjgl-openal-3.3.0.jar;C:\Users\Kirill\.gradle\caches\modules-2\files-2.1\org.lwjgl\lwjgl-openal\3.3.0\d6e59a987bd196b9a7ce161db41fe1727b0d88f\lwjgl-openal-3.3.0-natives-windows.jar;C:\Users\Kirill\.gradle\caches\modules-2\files-2.1\org.lwjgl\lwjgl-opengl\3.3.0\a1f395f7758a3abd5aff75fc8a20368ac371631e\lwjgl-opengl-3.3.0.jar;C:\Users\Kirill\.gradle\caches\modules-2\files-2.1\org.lwjgl\lwjgl-opengl\3.3.0\de52e197709c8d03cb386ed7b3b4ce8b96a339f3\lwjgl-opengl-3.3.0-natives-windows.jar;C:\Users\Kirill\.gradle\caches\modules-2\files-2.1\org.lwjgl\lwjgl-opengl\3.3.0\10f740ad411597e64c0d59d2303a6bbe7e3d79d8\lwjgl-opengl-3.3.0-natives-linux.jar;C:\Users\Kirill\.gradle\caches\modules-2\files-2.1\org.lwjgl\lwjgl-opengl\3.3.0\b11e635f5d50425949cb8f4afce6baba1eca407e\lwjgl-opengl-3.3.0-natives-macos.jar;C:\Users\Kirill\.gradle\caches\modules-2\files-2.1\org.lwjgl\lwjgl-stb\3.3.0\69becce49e19671fccca33bfb273231055bd9fcf\lwjgl-stb-3.3.0.jar;C:\Users\Kirill\.gradle\caches\modules-2\files-2.1\org.lwjgl\lwjgl-stb\3.3.0\58994705dc03cca4da31ab850edfae51cfbff74c\lwjgl-stb-3.3.0-natives-windows.jar;C:\Users\Kirill\.gradle\caches\modules-2\files-2.1\org.lwjgl\lwjgl\3.3.0\77b0dc0b6a6c82fb47368e73d55e23fdcfcf49a1\lwjgl-3.3.0.jar;C:\Users\Kirill\.gradle\caches\modules-2\files-2.1\org.lwjgl\lwjgl\3.3.0\835e69d483be5ff5f2259ec7802855bd2ff46492\lwjgl-3.3.0-natives-windows.jar;C:\Users\Kirill\.gradle\caches\modules-2\files-2.1\org.lwjgl\lwjgl\3.3.0\ba27f18455bae3537174ace0af75c3114004b2e0\lwjgl-3.3.0-natives-linux.jar;C:\Users\Kirill\.gradle\caches\modules-2\files-2.1\org.lwjgl\lwjgl\3.3.0\6b9f199c913bd222290bdecea52a3a6772d94401\lwjgl-3.3.0-natives-macos.jar;C:\Users\Kirill\.gradle\caches\modules-2\files-2.1\org.joml\joml\1.9.23\2fe75c084b2c8b82dbf7106f46b9cdc444785acf\joml-1.9.23.jar
Launcher Type: SUN_STANDARD

[Global flags]
     intx CICompilerCount                          = 4                                         {product} {ergonomic}
     uint ConcGCThreads                            = 3                                         {product} {ergonomic}
     uint G1ConcRefinementThreads                  = 10                                        {product} {ergonomic}
   size_t G1HeapRegionSize                         = 2097152                                   {product} {ergonomic}
    uintx GCDrainStackTargetSize                   = 64                                        {product} {ergonomic}
   size_t InitialHeapSize                          = 266338304                                 {product} {ergonomic}
   size_t MarkStackSize                            = 4194304                                   {product} {ergonomic}
   size_t MaxHeapSize                              = 4246732800                                {product} {ergonomic}
   size_t MaxNewSize                               = 2548039680                                {product} {ergonomic}
   size_t MinHeapDeltaBytes                        = 2097152                                   {product} {ergonomic}
   size_t MinHeapSize                              = 8388608                                   {product} {ergonomic}
    uintx NonNMethodCodeHeapSize                   = 5839372                                {pd product} {ergonomic}
    uintx NonProfiledCodeHeapSize                  = 122909434                              {pd product} {ergonomic}
    uintx ProfiledCodeHeapSize                     = 122909434                              {pd product} {ergonomic}
    uintx ReservedCodeCacheSize                    = 251658240                              {pd product} {ergonomic}
     bool SegmentedCodeCache                       = true                                      {product} {ergonomic}
   size_t SoftMaxHeapSize                          = 4246732800                             {manageable} {ergonomic}
     bool UseCompressedClassPointers               = true                           {product lp64_product} {ergonomic}
     bool UseCompressedOops                        = true                           {product lp64_product} {ergonomic}
     bool UseG1GC                                  = true                                      {product} {ergonomic}
     bool UseLargePagesIndividualAllocation        = false                                  {pd product} {ergonomic}

Logging:
Log output configuration:
 #0: stdout all=warning uptime,level,tags foldmultilines=false
 #1: stderr all=off uptime,level,tags foldmultilines=false

Environment Variables:
PATH=C:\Program Files\Common Files\Oracle\Java\javapath;C:\Program Files\Python310\Scripts\;C:\Program Files\Python310\;C:\WINDOWS\system32;C:\WINDOWS;C:\WINDOWS\System32\Wbem;C:\WINDOWS\System32\WindowsPowerShell\v1.0\;C:\WINDOWS\System32\OpenSSH\;C:\Program Files\dotnet\;C:\Program Files\Git\cmd;C:\Program Files\Java\jdk-18.0.2.1\bin;C:\Users\Kirill\AppData\Local\Microsoft\WindowsApps;C:\Program Files\JetBrains\PyCharm Community Edition 2022.2\bin;;C:\Users\Kirill\AppData\Local\Programs\Microsoft VS Code\bin;C:\Program Files\JetBrains\IntelliJ IDEA Community Edition 2022.2.1\bin;;C:\Program Files\Java\jdk-18.0.2.1\bin;
USERNAME=Kirill
OS=Windows_NT
PROCESSOR_IDENTIFIER=Intel64 Family 6 Model 165 Stepping 3, GenuineIntel



---------------  S Y S T E M  ---------------

OS:
 Windows 10 , 64 bit Build 19041 (10.0.19041.2364)
OS uptime: 2 days 5:39 hours

CPU: total 12 (initial active 12) (6 cores per cpu, 2 threads per core) family 6 model 165 stepping 3 microcode 0xe0, cx8, cmov, fxsr, ht, mmx, 3dnowpref, sse, sse2, sse3, ssse3, sse4.1, sse4.2, popcnt, lzcnt, tsc, tscinvbit, avx, avx2, aes, erms, clmul, bmi1, bmi2, adx, fma, vzeroupper, clflush, clflushopt

Memory: 4k page, system-wide physical 16196M (8585M free)
TotalPageFile size 18628M (AvailPageFile size 8908M)
current process WorkingSet (physical memory assigned to process): 41M, peak: 41M
current process commit charge ("private bytes"): 357M, peak: 357M

vm_info: Java HotSpot(TM) 64-Bit Server VM (18.0.2.1+1-1) for windows-amd64 JRE (18.0.2.1+1-1), built on Aug 16 2022 01:46:33 by "mach5one" with MS VC++ 16.8 / 16.9 (VS2019)

END.
